000188_10.png 0.0141777
000111_10.png 0.0179477
000070_10.png 0.0272226
000110_10.png 0.0284821
000054_10.png 0.0380099
000185_10.png 0.0395722
000184_10.png 0.0402364
000105_10.png 0.0402776
000103_10.png 0.0404458
000040_10.png 0.0430834
000035_10.png 0.043153
000186_10.png 0.0442161
000128_10.png 0.0450464
000071_10.png 0.0470617
000189_10.png 0.0480703
000180_10.png 0.0492923
000108_10.png 0.0500839
000038_10.png 0.0503872
000107_10.png 0.0510223
000183_10.png 0.0514667
000102_10.png 0.0516366
000039_10.png 0.0527611
000063_10.png 0.0533128
000020_10.png 0.0536103
000036_10.png 0.0539134
000190_10.png 0.0555556
000182_10.png 0.0594613
000060_10.png 0.060072
000174_10.png 0.0622792
000021_10.png 0.0624723
000065_10.png 0.0624832
000067_10.png 0.0629371
000129_10.png 0.0689386
000042_10.png 0.0699333
000084_10.png 0.0707154
000127_10.png 0.0713654
000125_10.png 0.0714059
000037_10.png 0.0733107
000062_10.png 0.0761765
000109_10.png 0.0763072
000064_10.png 0.0764515
000197_10.png 0.0791295
000041_10.png 0.080979
000194_10.png 0.0829946
000196_10.png 0.0830116
000026_10.png 0.083134
000019_10.png 0.0887324
000068_10.png 0.0890023
000195_10.png 0.0891247
000034_10.png 0.0902421
000131_10.png 0.0915033
000099_10.png 0.0917512
000175_10.png 0.0927001
000158_10.png 0.0935616
000173_10.png 0.094127
000066_10.png 0.0943676
000100_10.png 0.0953504
000160_10.png 0.0957091
000123_10.png 0.0967226
000083_10.png 0.0985477
000032_10.png 0.0986535
000025_10.png 0.0991819
000126_10.png 0.102757
000198_10.png 0.103284
000159_10.png 0.10404
000075_10.png 0.105306
000117_10.png 0.105694
000061_10.png 0.106361
000181_10.png 0.106939
000027_10.png 0.1088
000191_10.png 0.111616
000101_10.png 0.11565
000005_10.png 0.116442
000143_10.png 0.117647
000023_10.png 0.120615
000056_10.png 0.120686
000078_10.png 0.120746
000133_10.png 0.121583
000076_10.png 0.123604
000033_10.png 0.124411
000116_10.png 0.124995
000147_10.png 0.126502
000149_10.png 0.127671
000006_10.png 0.129171
000106_10.png 0.129362
000152_10.png 0.13135
000077_10.png 0.132523
000187_10.png 0.135389
000049_10.png 0.139404
000130_10.png 0.142038
000124_10.png 0.143141
000154_10.png 0.143628
000150_10.png 0.143922
000176_10.png 0.144666
000055_10.png 0.146097
000132_10.png 0.14704
000166_10.png 0.147387
000018_10.png 0.14954
000031_10.png 0.150265
000069_10.png 0.150296
000157_10.png 0.152742
000024_10.png 0.154246
000171_10.png 0.156397
000121_10.png 0.156752
000057_10.png 0.156975
000134_10.png 0.15748
000047_10.png 0.160303
000142_10.png 0.160703
000052_10.png 0.161652
000028_10.png 0.165002
000088_10.png 0.171632
000170_10.png 0.176525
000000_10.png 0.176717
000050_10.png 0.177888
000086_10.png 0.178337
000153_10.png 0.17957
000172_10.png 0.179692
000013_10.png 0.180745
000030_10.png 0.181693
000082_10.png 0.182703
000045_10.png 0.184605
000048_10.png 0.185018
000044_10.png 0.185842
000073_10.png 0.1882
000053_10.png 0.1887
000165_10.png 0.188989
000046_10.png 0.189338
000051_10.png 0.191088
000167_10.png 0.191712
000161_10.png 0.196596
000043_10.png 0.198467
000074_10.png 0.199654
000014_10.png 0.200527
000162_10.png 0.204249
000008_10.png 0.205549
000146_10.png 0.205882
000135_10.png 0.205909
000148_10.png 0.208757
000145_10.png 0.212708
000156_10.png 0.215108
000002_10.png 0.221687
000079_10.png 0.223531
000199_10.png 0.226308
000168_10.png 0.228069
000004_10.png 0.228699
000058_10.png 0.229158
000087_10.png 0.23206
000192_10.png 0.232402
000029_10.png 0.237022
000193_10.png 0.240579
000118_10.png 0.243618
000015_10.png 0.243768
000164_10.png 0.243782
000120_10.png 0.244433
000009_10.png 0.24732
000144_10.png 0.252463
000011_10.png 0.258046
000085_10.png 0.263836
000001_10.png 0.263897
000016_10.png 0.269056
000022_10.png 0.26977
000163_10.png 0.273518
000140_10.png 0.276385
000151_10.png 0.282925
000122_10.png 0.283577
000115_10.png 0.286693
000007_10.png 0.29029
000012_10.png 0.299646
000010_10.png 0.301317
000059_10.png 0.303082
000017_10.png 0.303096
000003_10.png 0.306627
000081_10.png 0.312232
000155_10.png 0.316024
000072_10.png 0.322989
000113_10.png 0.325248
000098_10.png 0.34434
000112_10.png 0.35462
000095_10.png 0.355572
000104_10.png 0.368845
000093_10.png 0.372293
000119_10.png 0.377501
000080_10.png 0.396146
000114_10.png 0.398527
000092_10.png 0.400335
000090_10.png 0.405804
000139_10.png 0.407402
000136_10.png 0.412909
000138_10.png 0.413483
000096_10.png 0.426957
000089_10.png 0.428223
000097_10.png 0.438211
000137_10.png 0.444696
000091_10.png 0.445395
000094_10.png 0.452997
000141_10.png 0.484747
000178_10.png 0.485772
000179_10.png 0.509183
000169_10.png 0.517883
000177_10.png 0.528863
