local_Monopoly_ZSAD_17_100_scaled.png 0.718483
local_Monopoly_ZSAD_13_100_scaled.png 0.729252
local_Monopoly_Census_29_100_scaled.png 0.752384
local_Monopoly_SSD_7_100_scaled.png 0.891588
sgm_Monopoly_ZSAD_11_100_scaled.png 0.69918
sgm_Monopoly_SSD_5_100_scaled.png 0.899632
sgm_Monopoly_SSD_7_100_scaled.png 0.888503
local_Monopoly_ZSAD_23_100_scaled.png 0.720976
local_Monopoly_ZSAD_7_100_scaled.png 0.774822
sgm_Monopoly_Census_13_100_scaled.png 0.699411
sgm_Monopoly_Census_29_100_scaled.png 0.721927
local_Monopoly_Census_9_100_scaled.png 0.753335
sgm_Monopoly_Census_23_100_scaled.png 0.687177
local_Monopoly_Census_11_100_scaled.png 0.737734
sgm_Monopoly_BT_11_100_scaled.png 0.914411
sgm_Monopoly_Census_17_100_scaled.png 0.68949
sgm_Monopoly_ZSAD_7_100_scaled.png 0.704346
local_Monopoly_BT_25_100_scaled.png 0.965636
sgm_Monopoly_BT_5_100_scaled.png 0.934022
sgm_Monopoly_ZSAD_13_100_scaled.png 0.699411
sgm_Monopoly_Census_33_100_scaled.png 0.743902
sgm_Monopoly_SSD_27_100_scaled.png 0.880381
sgm_Monopoly_SSD_33_100_scaled.png 0.875447
sgm_Monopoly_BT_1_100_scaled.png 0.938392
sgm_Monopoly_ZSAD_1_100_scaled.png 1
local_Monopoly_Census_5_100_scaled.png 0.787879
local_Monopoly_BT_11_100_scaled.png 0.961729
sgm_Monopoly_Census_31_100_scaled.png 0.735652
sgm_Monopoly_Census_27_100_scaled.png 0.711466
local_Monopoly_BT_1_100_scaled.png 0.959776
sgm_Monopoly_Census_19_100_scaled.png 0.680803
sgm_Monopoly_SSD_11_100_scaled.png 0.884211
sgm_Monopoly_BT_21_100_scaled.png 0.924949
local_Monopoly_SSD_29_100_scaled.png 0.887886
local_Monopoly_SSD_11_100_scaled.png 0.888992
sgm_Monopoly_BT_15_100_scaled.png 0.913332
sgm_Monopoly_Census_5_100_scaled.png 0.683862
local_Monopoly_SSD_1_100_scaled.png 0.951603
sgm_Monopoly_Census_3_100_scaled.png 0.720127
sgm_Monopoly_Census_11_100_scaled.png 0.69918
sgm_Monopoly_SSD_19_100_scaled.png 0.877914
local_Monopoly_SSD_33_100_scaled.png 0.889788
local_Monopoly_Census_7_100_scaled.png 0.774822
local_Monopoly_ZSAD_33_100_scaled.png 0.775902
local_Monopoly_Census_3_100_scaled.png 0.771249
sgm_Monopoly_BT_17_100_scaled.png 0.926132
local_Monopoly_BT_5_100_scaled.png 0.960624
local_Monopoly_BT_27_100_scaled.png 0.968592
local_Monopoly_ZSAD_21_100_scaled.png 0.716503
sgm_Monopoly_SSD_21_100_scaled.png 0.87812
local_Monopoly_SSD_9_100_scaled.png 0.889557
sgm_Monopoly_BT_23_100_scaled.png 0.927083
local_Monopoly_BT_31_100_scaled.png 0.978359
local_Monopoly_BT_17_100_scaled.png 0.962475
local_Monopoly_ZSAD_5_100_scaled.png 0.787879
local_Monopoly_BT_29_100_scaled.png 0.973141
sgm_Monopoly_BT_33_100_scaled.png 0.931529
local_Monopoly_BT_7_100_scaled.png 0.960958
sgm_Monopoly_ZSAD_27_100_scaled.png 0.711466
sgm_Monopoly_SSD_23_100_scaled.png 0.880484
sgm_Monopoly_Census_15_100_scaled.png 0.694297
local_Monopoly_BT_15_100_scaled.png 0.96214
local_Monopoly_SSD_31_100_scaled.png 0.888246
sgm_Monopoly_Census_21_100_scaled.png 0.682525
sgm_Monopoly_ZSAD_31_100_scaled.png 0.735652
sgm_Monopoly_ZSAD_29_100_scaled.png 0.721927
local_Monopoly_BT_13_100_scaled.png 0.961909
sgm_Monopoly_ZSAD_5_100_scaled.png 0.683862
sgm_Monopoly_Census_7_100_scaled.png 0.704346
local_Monopoly_Census_27_100_scaled.png 0.739764
sgm_Monopoly_SSD_31_100_scaled.png 0.878377
local_Monopoly_SSD_15_100_scaled.png 0.889197
local_Monopoly_Census_1_100_scaled.png 1
sgm_Monopoly_BT_27_100_scaled.png 0.925283
sgm_Monopoly_BT_3_100_scaled.png 0.936618
local_Monopoly_BT_9_100_scaled.png 0.961369
sgm_Monopoly_SSD_9_100_scaled.png 0.887475
sgm_Monopoly_BT_19_100_scaled.png 0.928188
local_Monopoly_ZSAD_31_100_scaled.png 0.763873
sgm_Monopoly_ZSAD_25_100_scaled.png 0.69972
local_Monopoly_ZSAD_27_100_scaled.png 0.739764
local_Monopoly_SSD_17_100_scaled.png 0.891511
sgm_Monopoly_ZSAD_23_100_scaled.png 0.687177
local_Monopoly_BT_21_100_scaled.png 0.962809
local_Monopoly_Census_19_100_scaled.png 0.71455
sgm_Monopoly_ZSAD_33_100_scaled.png 0.743902
sgm_Monopoly_BT_13_100_scaled.png 0.909425
local_Monopoly_ZSAD_25_100_scaled.png 0.730717
local_Monopoly_ZSAD_29_100_scaled.png 0.752384
sgm_Monopoly_ZSAD_17_100_scaled.png 0.68949
sgm_Monopoly_BT_9_100_scaled.png 0.907806
sgm_Monopoly_ZSAD_3_100_scaled.png 0.720127
local_Monopoly_SSD_5_100_scaled.png 0.900249
sgm_Monopoly_ZSAD_19_100_scaled.png 0.680803
sgm_Monopoly_ZSAD_9_100_scaled.png 0.707174
local_Monopoly_SSD_3_100_scaled.png 0.904259
local_Monopoly_SSD_25_100_scaled.png 0.892359
local_Monopoly_SSD_13_100_scaled.png 0.889095
local_Monopoly_Census_25_100_scaled.png 0.730717
local_Monopoly_Census_31_100_scaled.png 0.763873
local_Monopoly_BT_3_100_scaled.png 0.960239
sgm_Monopoly_BT_31_100_scaled.png 0.92955
sgm_Monopoly_SSD_13_100_scaled.png 0.880433
local_Monopoly_BT_19_100_scaled.png 0.962655
local_Monopoly_SSD_21_100_scaled.png 0.894029
local_Monopoly_ZSAD_19_100_scaled.png 0.71455
sgm_Monopoly_SSD_1_100_scaled.png 0.951474
local_Monopoly_ZSAD_15_100_scaled.png 0.722466
sgm_Monopoly_Census_1_100_scaled.png 1
sgm_Monopoly_Census_25_100_scaled.png 0.69972
local_Monopoly_SSD_23_100_scaled.png 0.892693
sgm_Monopoly_SSD_17_100_scaled.png 0.880022
local_Monopoly_BT_23_100_scaled.png 0.963631
sgm_Monopoly_Census_9_100_scaled.png 0.707174
local_Monopoly_Census_33_100_scaled.png 0.775902
local_Monopoly_ZSAD_3_100_scaled.png 0.771249
local_Monopoly_Census_15_100_scaled.png 0.722466
local_Monopoly_Census_13_100_scaled.png 0.729252
sgm_Monopoly_ZSAD_15_100_scaled.png 0.694297
local_Monopoly_SSD_19_100_scaled.png 0.893618
sgm_Monopoly_ZSAD_21_100_scaled.png 0.682525
local_Monopoly_ZSAD_9_100_scaled.png 0.753335
local_Monopoly_ZSAD_1_100_scaled.png 1
local_Monopoly_Census_23_100_scaled.png 0.720976
local_Monopoly_SSD_27_100_scaled.png 0.889326
sgm_Monopoly_BT_29_100_scaled.png 0.9268
local_Monopoly_BT_33_100_scaled.png 0.982805
local_Monopoly_ZSAD_11_100_scaled.png 0.737734
sgm_Monopoly_BT_25_100_scaled.png 0.926054
local_Monopoly_Census_21_100_scaled.png 0.716503
sgm_Monopoly_BT_7_100_scaled.png 0.921916
sgm_Monopoly_SSD_29_100_scaled.png 0.870846
sgm_Monopoly_SSD_25_100_scaled.png 0.876089
sgm_Monopoly_SSD_3_100_scaled.png 0.905261
sgm_Monopoly_SSD_15_100_scaled.png 0.879662
local_Monopoly_Census_17_100_scaled.png 0.718483
sgm_Rocks2_SSD_17_100_scaled.png 0.296625
sgm_Rocks2_Census_25_100_scaled.png 0.205594
local_Rocks2_SSD_5_100_scaled.png 0.344938
sgm_Rocks2_Census_17_100_scaled.png 0.166112
local_Rocks2_SSD_11_100_scaled.png 0.324688
local_Rocks2_SSD_31_100_scaled.png 0.310402
local_Rocks2_Census_17_100_scaled.png 0.192279
sgm_Rocks2_ZSAD_29_100_scaled.png 0.217799
local_Rocks2_SSD_23_100_scaled.png 0.306842
sgm_Rocks2_SSD_27_100_scaled.png 0.286408
sgm_Rocks2_SSD_13_100_scaled.png 0.302681
sgm_Rocks2_SSD_9_100_scaled.png 0.317152
sgm_Rocks2_SSD_7_100_scaled.png 0.321313
sgm_Rocks2_ZSAD_17_100_scaled.png 0.166112
local_Rocks2_Census_1_100_scaled.png 1
local_Rocks2_SSD_9_100_scaled.png 0.326029
local_Rocks2_Census_33_100_scaled.png 0.253953
sgm_Rocks2_Census_29_100_scaled.png 0.217799
sgm_Rocks2_ZSAD_13_100_scaled.png 0.140407
local_Rocks2_BT_1_100_scaled.png 0.903883
local_Rocks2_ZSAD_31_100_scaled.png 0.247434
sgm_Rocks2_Census_11_100_scaled.png 0.129958
sgm_Rocks2_SSD_21_100_scaled.png 0.291447
local_Rocks2_SSD_21_100_scaled.png 0.309246
sgm_Rocks2_Census_19_100_scaled.png 0.179242
local_Rocks2_Census_27_100_scaled.png 0.233241
sgm_Rocks2_BT_1_100_scaled.png 0.341424
sgm_Rocks2_ZSAD_15_100_scaled.png 0.153306
sgm_Rocks2_SSD_31_100_scaled.png 0.288581
sgm_Rocks2_SSD_25_100_scaled.png 0.285437
local_Rocks2_SSD_19_100_scaled.png 0.311142
sgm_Rocks2_Census_21_100_scaled.png 0.185853
sgm_Rocks2_SSD_29_100_scaled.png 0.287933
sgm_Rocks2_ZSAD_1_100_scaled.png 1
local_Rocks2_ZSAD_27_100_scaled.png 0.233241
local_Rocks2_SSD_1_100_scaled.png 0.849931
local_Rocks2_ZSAD_29_100_scaled.png 0.240407
local_Rocks2_SSD_3_100_scaled.png 0.415673
sgm_Rocks2_Census_15_100_scaled.png 0.153306
sgm_Rocks2_ZSAD_7_100_scaled.png 0.116597
local_Rocks2_ZSAD_11_100_scaled.png 0.159131
sgm_Rocks2_Census_9_100_scaled.png 0.130513
sgm_Rocks2_ZSAD_9_100_scaled.png 0.130513
local_Rocks2_ZSAD_21_100_scaled.png 0.210032
sgm_Rocks2_ZSAD_3_100_scaled.png 0.112714
local_Rocks2_Census_3_100_scaled.png 0.258946
sgm_Rocks2_SSD_15_100_scaled.png 0.301803
sgm_Rocks2_ZSAD_19_100_scaled.png 0.179242
sgm_Rocks2_Census_5_100_scaled.png 0.112853
local_Rocks2_Census_31_100_scaled.png 0.247434
local_Rocks2_Census_5_100_scaled.png 0.137032
sgm_Rocks2_Census_27_100_scaled.png 0.212436
sgm_Rocks2_SSD_19_100_scaled.png 0.29681
sgm_Rocks2_ZSAD_11_100_scaled.png 0.129958
local_Rocks2_Census_25_100_scaled.png 0.226214
sgm_Rocks2_ZSAD_27_100_scaled.png 0.212436
local_Rocks2_Census_13_100_scaled.png 0.167869
local_Rocks2_Census_29_100_scaled.png 0.240407
sgm_Rocks2_ZSAD_33_100_scaled.png 0.228664
local_Rocks2_SSD_13_100_scaled.png 0.320157
local_Rocks2_Census_19_100_scaled.png 0.200786
local_Rocks2_ZSAD_17_100_scaled.png 0.192279
sgm_Rocks2_Census_33_100_scaled.png 0.228664
local_Rocks2_ZSAD_13_100_scaled.png 0.167869
local_Rocks2_ZSAD_23_100_scaled.png 0.217429
sgm_Rocks2_ZSAD_21_100_scaled.png 0.185853
sgm_Rocks2_Census_23_100_scaled.png 0.19362
local_Rocks2_SSD_29_100_scaled.png 0.308692
local_Rocks2_SSD_17_100_scaled.png 0.313823
sgm_Rocks2_SSD_23_100_scaled.png 0.288257
sgm_Rocks2_SSD_11_100_scaled.png 0.309663
sgm_Rocks2_Census_1_100_scaled.png 1
local_Rocks2_ZSAD_1_100_scaled.png 1
local_Rocks2_ZSAD_9_100_scaled.png 0.148729
local_Rocks2_Census_7_100_scaled.png 0.138881
local_Rocks2_Census_23_100_scaled.png 0.217429
local_Rocks2_ZSAD_7_100_scaled.png 0.138881
sgm_Rocks2_SSD_33_100_scaled.png 0.288211
sgm_Rocks2_ZSAD_23_100_scaled.png 0.19362
sgm_Rocks2_Census_31_100_scaled.png 0.224549
sgm_Rocks2_Census_3_100_scaled.png 0.112714
sgm_Rocks2_SSD_1_100_scaled.png 0.523393
local_Rocks2_SSD_15_100_scaled.png 0.316644
local_Rocks2_SSD_7_100_scaled.png 0.330467
sgm_Rocks2_SSD_5_100_scaled.png 0.339159
sgm_Rocks2_ZSAD_31_100_scaled.png 0.224549
local_Rocks2_Census_11_100_scaled.png 0.159131
local_Rocks2_Census_9_100_scaled.png 0.148729
local_Rocks2_ZSAD_25_100_scaled.png 0.226214
local_Rocks2_ZSAD_5_100_scaled.png 0.137032
local_Rocks2_Census_21_100_scaled.png 0.210032
local_Rocks2_ZSAD_3_100_scaled.png 0.258946
sgm_Rocks2_ZSAD_5_100_scaled.png 0.112853
local_Rocks2_SSD_25_100_scaled.png 0.306195
local_Rocks2_ZSAD_33_100_scaled.png 0.253953
local_Rocks2_SSD_27_100_scaled.png 0.306519
sgm_Rocks2_ZSAD_25_100_scaled.png 0.205594
local_Rocks2_ZSAD_15_100_scaled.png 0.176144
sgm_Rocks2_Census_13_100_scaled.png 0.140407
sgm_Rocks2_Census_7_100_scaled.png 0.116597
sgm_Rocks2_SSD_3_100_scaled.png 0.407305
local_Rocks2_SSD_33_100_scaled.png 0.312252
local_Rocks2_Census_15_100_scaled.png 0.176144
local_Rocks2_ZSAD_19_100_scaled.png 0.200786
local_Cloth4_Census_21_100_scaled.png 0.121052
sgm_Cloth4_Census_25_100_scaled.png 0.219788
local_Cloth4_SSD_25_100_scaled.png 0.136132
sgm_Cloth4_Census_19_100_scaled.png 0.160587
sgm_Cloth4_ZSAD_33_100_scaled.png 0.276544
local_Cloth4_Census_15_100_scaled.png 0.112289
sgm_Cloth4_SSD_21_100_scaled.png 0.179743
local_Cloth4_Census_1_100_scaled.png 1
sgm_Cloth4_Census_5_100_scaled.png 0.095374
local_Cloth4_SSD_13_100_scaled.png 0.118912
local_Cloth4_Census_25_100_scaled.png 0.132871
sgm_Cloth4_ZSAD_23_100_scaled.png 0.198798
local_Cloth4_SSD_31_100_scaled.png 0.160791
sgm_Cloth4_Census_11_100_scaled.png 0.104137
sgm_Cloth4_SSD_5_100_scaled.png 0.120848
sgm_Cloth4_ZSAD_7_100_scaled.png 0.0941512
local_Cloth4_ZSAD_5_100_scaled.png 0.105767
local_Cloth4_SSD_5_100_scaled.png 0.125025
sgm_Cloth4_ZSAD_1_100_scaled.png 1
local_Cloth4_Census_5_100_scaled.png 0.105767
sgm_Cloth4_SSD_31_100_scaled.png 0.272264
local_Cloth4_ZSAD_27_100_scaled.png 0.137253
sgm_Cloth4_SSD_23_100_scaled.png 0.200428
sgm_Cloth4_ZSAD_29_100_scaled.png 0.251172
sgm_Cloth4_ZSAD_17_100_scaled.png 0.142246
sgm_Cloth4_Census_21_100_scaled.png 0.178113
sgm_Cloth4_SSD_7_100_scaled.png 0.113715
local_Cloth4_Census_7_100_scaled.png 0.102405
local_Cloth4_Census_29_100_scaled.png 0.145201
local_Cloth4_ZSAD_33_100_scaled.png 0.160893
local_Cloth4_ZSAD_21_100_scaled.png 0.121052
sgm_Cloth4_Census_9_100_scaled.png 0.111372
sgm_Cloth4_Census_17_100_scaled.png 0.142246
sgm_Cloth4_SSD_17_100_scaled.png 0.148461
local_Cloth4_ZSAD_25_100_scaled.png 0.132871
local_Cloth4_Census_33_100_scaled.png 0.160893
sgm_Cloth4_SSD_25_100_scaled.png 0.221113
local_Cloth4_Census_27_100_scaled.png 0.137253
sgm_Cloth4_ZSAD_5_100_scaled.png 0.095374
local_Cloth4_SSD_21_100_scaled.png 0.123701
local_Cloth4_SSD_17_100_scaled.png 0.120848
sgm_Cloth4_Census_29_100_scaled.png 0.251274
sgm_Cloth4_Census_7_100_scaled.png 0.0941512
sgm_Cloth4_Census_15_100_scaled.png 0.128286
sgm_Cloth4_ZSAD_31_100_scaled.png 0.263909
local_Cloth4_ZSAD_19_100_scaled.png 0.115447
sgm_Cloth4_SSD_9_100_scaled.png 0.122478
local_Cloth4_SSD_27_100_scaled.png 0.141125
local_Cloth4_Census_31_100_scaled.png 0.152945
local_Cloth4_ZSAD_9_100_scaled.png 0.108315
sgm_Cloth4_ZSAD_11_100_scaled.png 0.104137
sgm_Cloth4_SSD_11_100_scaled.png 0.114021
local_Cloth4_Census_17_100_scaled.png 0.113409
sgm_Cloth4_Census_27_100_scaled.png 0.234869
sgm_Cloth4_ZSAD_27_100_scaled.png 0.234869
sgm_Cloth4_ZSAD_15_100_scaled.png 0.128286
local_Cloth4_Census_19_100_scaled.png 0.115447
sgm_Cloth4_SSD_13_100_scaled.png 0.120746
local_Cloth4_SSD_3_100_scaled.png 0.162727
sgm_Cloth4_SSD_3_100_scaled.png 0.154677
sgm_Cloth4_SSD_19_100_scaled.png 0.164459
local_Cloth4_Census_11_100_scaled.png 0.109334
sgm_Cloth4_SSD_15_100_scaled.png 0.13389
local_Cloth4_SSD_7_100_scaled.png 0.120848
sgm_Cloth4_ZSAD_9_100_scaled.png 0.111372
sgm_Cloth4_SSD_33_100_scaled.png 0.287447
sgm_Cloth4_SSD_27_100_scaled.png 0.238231
local_Cloth4_Census_23_100_scaled.png 0.127063
local_Cloth4_Census_13_100_scaled.png 0.111575
sgm_Cloth4_BT_1_100_scaled.png 0.107194
sgm_Cloth4_Census_13_100_scaled.png 0.112492
local_Cloth4_ZSAD_3_100_scaled.png 0.180762
sgm_Cloth4_ZSAD_3_100_scaled.png 0.103118
local_Cloth4_SSD_15_100_scaled.png 0.119625
sgm_Cloth4_ZSAD_25_100_scaled.png 0.219788
local_Cloth4_SSD_9_100_scaled.png 0.119319
sgm_Cloth4_ZSAD_21_100_scaled.png 0.178113
sgm_Cloth4_ZSAD_13_100_scaled.png 0.112492
sgm_Cloth4_SSD_29_100_scaled.png 0.25647
local_Cloth4_ZSAD_13_100_scaled.png 0.111575
local_Cloth4_SSD_29_100_scaled.png 0.151111
sgm_Cloth4_ZSAD_19_100_scaled.png 0.160485
sgm_Cloth4_Census_23_100_scaled.png 0.198798
local_Cloth4_BT_1_100_scaled.png 0.905237
local_Cloth4_ZSAD_31_100_scaled.png 0.152945
sgm_Cloth4_Census_31_100_scaled.png 0.263705
local_Cloth4_ZSAD_1_100_scaled.png 1
sgm_Cloth4_Census_1_100_scaled.png 1
local_Cloth4_Census_3_100_scaled.png 0.180762
sgm_Cloth4_SSD_1_100_scaled.png 0.318117
local_Cloth4_SSD_1_100_scaled.png 0.766558
local_Cloth4_ZSAD_11_100_scaled.png 0.109334
sgm_Cloth4_Census_3_100_scaled.png 0.103118
local_Cloth4_SSD_19_100_scaled.png 0.12044
local_Cloth4_ZSAD_29_100_scaled.png 0.145201
local_Cloth4_Census_9_100_scaled.png 0.108315
local_Cloth4_ZSAD_7_100_scaled.png 0.102405
local_Cloth4_ZSAD_17_100_scaled.png 0.113409
local_Cloth4_SSD_23_100_scaled.png 0.13063
local_Cloth4_ZSAD_23_100_scaled.png 0.127063
sgm_Cloth4_Census_33_100_scaled.png 0.276442
local_Cloth4_ZSAD_15_100_scaled.png 0.112289
local_Cloth4_SSD_33_100_scaled.png 0.169554
local_Cloth4_SSD_11_100_scaled.png 0.118606
local_Flowerpots_ZSAD_15_100_scaled.png 0.192495
local_Flowerpots_ZSAD_31_100_scaled.png 0.294103
local_Flowerpots_SSD_17_100_scaled.png 0.312622
local_Flowerpots_SSD_25_100_scaled.png 0.293129
sgm_Flowerpots_Census_3_100_scaled.png 0.117446
sgm_Flowerpots_Census_7_100_scaled.png 0.130361
local_Flowerpots_Census_27_100_scaled.png 0.274123
sgm_Flowerpots_SSD_21_100_scaled.png 0.276316
sgm_Flowerpots_Census_17_100_scaled.png 0.169834
sgm_Flowerpots_Census_25_100_scaled.png 0.238548
local_Flowerpots_SSD_23_100_scaled.png 0.292398
local_Flowerpots_Census_33_100_scaled.png 0.305068
sgm_Flowerpots_ZSAD_33_100_scaled.png 0.289474
sgm_Flowerpots_SSD_33_100_scaled.png 0.301413
local_Flowerpots_ZSAD_5_100_scaled.png 0.287281
sgm_Flowerpots_ZSAD_1_100_scaled.png 0.947856
local_Flowerpots_Census_19_100_scaled.png 0.228314
sgm_Flowerpots_Census_13_100_scaled.png 0.147173
local_Flowerpots_SSD_11_100_scaled.png 0.340887
sgm_Flowerpots_BT_1_100_scaled.png 0.269006
local_Flowerpots_ZSAD_29_100_scaled.png 0.282651
local_Flowerpots_SSD_27_100_scaled.png 0.295078
sgm_Flowerpots_SSD_13_100_scaled.png 0.314815
local_Flowerpots_ZSAD_11_100_scaled.png 0.180799
local_Flowerpots_BT_1_100_scaled.png 0.749756
local_Flowerpots_ZSAD_27_100_scaled.png 0.274123
local_Flowerpots_Census_13_100_scaled.png 0.182505
local_Flowerpots_Census_29_100_scaled.png 0.282651
sgm_Flowerpots_SSD_23_100_scaled.png 0.2673
local_Flowerpots_SSD_1_100_scaled.png 0.714181
local_Flowerpots_SSD_19_100_scaled.png 0.301901
local_Flowerpots_ZSAD_13_100_scaled.png 0.182505
local_Flowerpots_SSD_9_100_scaled.png 0.354532
sgm_Flowerpots_Census_9_100_scaled.png 0.145955
local_Flowerpots_ZSAD_1_100_scaled.png 0.947856
local_Flowerpots_ZSAD_9_100_scaled.png 0.186891
sgm_Flowerpots_Census_21_100_scaled.png 0.200049
sgm_Flowerpots_ZSAD_17_100_scaled.png 0.169834
sgm_Flowerpots_ZSAD_7_100_scaled.png 0.130361
local_Flowerpots_Census_7_100_scaled.png 0.214425
local_Flowerpots_Census_31_100_scaled.png 0.294103
local_Flowerpots_Census_21_100_scaled.png 0.242203
sgm_Flowerpots_SSD_19_100_scaled.png 0.279483
sgm_Flowerpots_SSD_3_100_scaled.png 0.447856
sgm_Flowerpots_ZSAD_23_100_scaled.png 0.219542
local_Flowerpots_Census_15_100_scaled.png 0.192495
sgm_Flowerpots_ZSAD_11_100_scaled.png 0.145224
sgm_Flowerpots_ZSAD_27_100_scaled.png 0.259503
local_Flowerpots_Census_11_100_scaled.png 0.180799
local_Flowerpots_Census_25_100_scaled.png 0.266326
local_Flowerpots_SSD_29_100_scaled.png 0.298977
sgm_Flowerpots_Census_23_100_scaled.png 0.219542
sgm_Flowerpots_SSD_1_100_scaled.png 0.389376
sgm_Flowerpots_SSD_31_100_scaled.png 0.295078
local_Flowerpots_ZSAD_3_100_scaled.png 0.520224
local_Flowerpots_Census_3_100_scaled.png 0.520224
local_Flowerpots_SSD_21_100_scaled.png 0.294834
sgm_Flowerpots_ZSAD_3_100_scaled.png 0.117446
local_Flowerpots_ZSAD_7_100_scaled.png 0.214425
sgm_Flowerpots_SSD_9_100_scaled.png 0.34576
sgm_Flowerpots_SSD_25_100_scaled.png 0.264864
sgm_Flowerpots_Census_33_100_scaled.png 0.289474
sgm_Flowerpots_ZSAD_25_100_scaled.png 0.238548
sgm_Flowerpots_ZSAD_29_100_scaled.png 0.270468
sgm_Flowerpots_Census_15_100_scaled.png 0.153996
sgm_Flowerpots_ZSAD_19_100_scaled.png 0.185429
sgm_Flowerpots_Census_19_100_scaled.png 0.185429
sgm_Flowerpots_Census_27_100_scaled.png 0.259503
local_Flowerpots_ZSAD_33_100_scaled.png 0.305068
sgm_Flowerpots_Census_1_100_scaled.png 0.947856
local_Flowerpots_Census_23_100_scaled.png 0.257797
local_Flowerpots_ZSAD_23_100_scaled.png 0.257797
local_Flowerpots_SSD_15_100_scaled.png 0.32846
local_Flowerpots_SSD_31_100_scaled.png 0.305799
sgm_Flowerpots_SSD_29_100_scaled.png 0.286793
local_Flowerpots_SSD_7_100_scaled.png 0.380117
sgm_Flowerpots_ZSAD_5_100_scaled.png 0.124756
local_Flowerpots_Census_5_100_scaled.png 0.287281
local_Flowerpots_Census_17_100_scaled.png 0.207602
local_Flowerpots_Census_1_100_scaled.png 0.947856
local_Flowerpots_SSD_3_100_scaled.png 0.492203
local_Flowerpots_ZSAD_21_100_scaled.png 0.242203
local_Flowerpots_ZSAD_17_100_scaled.png 0.207602
local_Flowerpots_ZSAD_19_100_scaled.png 0.228314
sgm_Flowerpots_Census_11_100_scaled.png 0.145224
local_Flowerpots_SSD_33_100_scaled.png 0.314084
sgm_Flowerpots_SSD_11_100_scaled.png 0.324318
local_Flowerpots_SSD_13_100_scaled.png 0.334064
sgm_Flowerpots_SSD_17_100_scaled.png 0.288499
sgm_Flowerpots_SSD_27_100_scaled.png 0.280945
sgm_Flowerpots_ZSAD_13_100_scaled.png 0.147173
sgm_Flowerpots_ZSAD_9_100_scaled.png 0.145955
sgm_Flowerpots_SSD_7_100_scaled.png 0.369639
local_Flowerpots_ZSAD_25_100_scaled.png 0.266326
local_Flowerpots_Census_9_100_scaled.png 0.186891
sgm_Flowerpots_SSD_15_100_scaled.png 0.304094
sgm_Flowerpots_ZSAD_31_100_scaled.png 0.278021
sgm_Flowerpots_Census_5_100_scaled.png 0.124756
sgm_Flowerpots_ZSAD_15_100_scaled.png 0.153996
sgm_Flowerpots_Census_29_100_scaled.png 0.270468
sgm_Flowerpots_ZSAD_21_100_scaled.png 0.200049
sgm_Flowerpots_Census_31_100_scaled.png 0.278021
local_Flowerpots_SSD_5_100_scaled.png 0.416179
sgm_Flowerpots_SSD_5_100_scaled.png 0.406433
sgm_Cloth1_SSD_15_100_scaled.png 0.155544
sgm_Cloth1_ZSAD_15_100_scaled.png 0.15332
sgm_Cloth1_ZSAD_27_100_scaled.png 0.231691
sgm_Cloth1_Census_17_100_scaled.png 0.160507
local_Cloth1_SSD_23_100_scaled.png 0.196441
local_Cloth1_ZSAD_15_100_scaled.png 0.162731
local_Cloth1_Census_11_100_scaled.png 0.151608
sgm_Cloth1_Census_23_100_scaled.png 0.201061
sgm_Cloth1_SSD_33_100_scaled.png 0.271732
sgm_Cloth1_ZSAD_33_100_scaled.png 0.266256
sgm_Cloth1_SSD_13_100_scaled.png 0.140315
sgm_Cloth1_SSD_9_100_scaled.png 0.133984
local_Cloth1_Census_21_100_scaled.png 0.185489
local_Cloth1_BT_1_100_scaled.png 0.889973
sgm_Cloth1_SSD_5_100_scaled.png 0.119781
local_Cloth1_ZSAD_1_100_scaled.png 1
sgm_Cloth1_ZSAD_3_100_scaled.png 0.123374
local_Cloth1_Census_17_100_scaled.png 0.168207
local_Cloth1_Census_15_100_scaled.png 0.162731
sgm_Cloth1_SSD_31_100_scaled.png 0.261294
local_Cloth1_SSD_11_100_scaled.png 0.151951
local_Cloth1_ZSAD_21_100_scaled.png 0.185489
sgm_Cloth1_BT_1_100_scaled.png 0.120808
local_Cloth1_Census_5_100_scaled.png 0.126797
local_Cloth1_Census_27_100_scaled.png 0.204312
sgm_Cloth1_Census_29_100_scaled.png 0.241958
sgm_Cloth1_Census_19_100_scaled.png 0.175907
local_Cloth1_ZSAD_5_100_scaled.png 0.126797
local_Cloth1_ZSAD_13_100_scaled.png 0.157426
sgm_Cloth1_Census_5_100_scaled.png 0.119781
sgm_Cloth1_SSD_1_100_scaled.png 0.336585
sgm_Cloth1_ZSAD_23_100_scaled.png 0.201061
local_Cloth1_SSD_29_100_scaled.png 0.226899
sgm_Cloth1_SSD_29_100_scaled.png 0.251198
sgm_Cloth1_Census_1_100_scaled.png 1
local_Cloth1_Census_31_100_scaled.png 0.22707
sgm_Cloth1_Census_27_100_scaled.png 0.231691
sgm_Cloth1_SSD_7_100_scaled.png 0.11961
local_Cloth1_SSD_3_100_scaled.png 0.149042
local_Cloth1_ZSAD_27_100_scaled.png 0.204312
local_Cloth1_Census_7_100_scaled.png 0.130903
local_Cloth1_SSD_27_100_scaled.png 0.214579
local_Cloth1_Census_13_100_scaled.png 0.157426
sgm_Cloth1_SSD_19_100_scaled.png 0.1795
local_Cloth1_ZSAD_29_100_scaled.png 0.216975
local_Cloth1_SSD_13_100_scaled.png 0.158624
sgm_Cloth1_ZSAD_19_100_scaled.png 0.175907
sgm_Cloth1_SSD_3_100_scaled.png 0.144079
local_Cloth1_ZSAD_25_100_scaled.png 0.194216
local_Cloth1_ZSAD_3_100_scaled.png 0.171458
sgm_Cloth1_Census_9_100_scaled.png 0.134839
local_Cloth1_Census_3_100_scaled.png 0.171458
local_Cloth1_SSD_1_100_scaled.png 0.794319
sgm_Cloth1_SSD_23_100_scaled.png 0.207906
local_Cloth1_ZSAD_33_100_scaled.png 0.234771
sgm_Cloth1_ZSAD_9_100_scaled.png 0.134839
sgm_Cloth1_Census_11_100_scaled.png 0.131759
sgm_Cloth1_SSD_21_100_scaled.png 0.185147
sgm_Cloth1_ZSAD_25_100_scaled.png 0.208248
local_Cloth1_SSD_25_100_scaled.png 0.20243
sgm_Cloth1_ZSAD_5_100_scaled.png 0.119781
sgm_Cloth1_Census_33_100_scaled.png 0.266256
sgm_Cloth1_ZSAD_29_100_scaled.png 0.241958
sgm_Cloth1_ZSAD_1_100_scaled.png 1
sgm_Cloth1_Census_7_100_scaled.png 0.119097
local_Cloth1_ZSAD_17_100_scaled.png 0.168207
local_Cloth1_Census_25_100_scaled.png 0.194216
local_Cloth1_SSD_7_100_scaled.png 0.131417
local_Cloth1_SSD_15_100_scaled.png 0.1641
sgm_Cloth1_ZSAD_21_100_scaled.png 0.183778
sgm_Cloth1_Census_31_100_scaled.png 0.252567
local_Cloth1_ZSAD_9_100_scaled.png 0.142539
local_Cloth1_SSD_33_100_scaled.png 0.239562
local_Cloth1_Census_23_100_scaled.png 0.190623
sgm_Cloth1_SSD_25_100_scaled.png 0.218515
local_Cloth1_SSD_21_100_scaled.png 0.188569
sgm_Cloth1_ZSAD_7_100_scaled.png 0.119097
local_Cloth1_Census_29_100_scaled.png 0.216975
sgm_Cloth1_ZSAD_17_100_scaled.png 0.160507
local_Cloth1_Census_19_100_scaled.png 0.176934
local_Cloth1_ZSAD_11_100_scaled.png 0.151608
sgm_Cloth1_ZSAD_31_100_scaled.png 0.252567
sgm_Cloth1_Census_3_100_scaled.png 0.123374
sgm_Cloth1_ZSAD_13_100_scaled.png 0.139973
local_Cloth1_SSD_9_100_scaled.png 0.142539
local_Cloth1_Census_1_100_scaled.png 1
local_Cloth1_ZSAD_19_100_scaled.png 0.176934
local_Cloth1_Census_33_100_scaled.png 0.234771
local_Cloth1_SSD_5_100_scaled.png 0.125086
sgm_Cloth1_Census_25_100_scaled.png 0.208248
local_Cloth1_SSD_17_100_scaled.png 0.171971
local_Cloth1_ZSAD_31_100_scaled.png 0.22707
sgm_Cloth1_ZSAD_11_100_scaled.png 0.131759
sgm_Cloth1_Census_21_100_scaled.png 0.183778
sgm_Cloth1_SSD_17_100_scaled.png 0.165298
local_Cloth1_ZSAD_23_100_scaled.png 0.190623
local_Cloth1_SSD_31_100_scaled.png 0.235455
sgm_Cloth1_SSD_11_100_scaled.png 0.131588
local_Cloth1_ZSAD_7_100_scaled.png 0.130903
sgm_Cloth1_Census_15_100_scaled.png 0.15332
sgm_Cloth1_SSD_27_100_scaled.png 0.243326
local_Cloth1_Census_9_100_scaled.png 0.142539
local_Cloth1_SSD_19_100_scaled.png 0.18104
sgm_Cloth1_Census_13_100_scaled.png 0.139973
local_Lampshade1_ZSAD_29_100_scaled.png 0.382249
local_Lampshade1_Census_27_100_scaled.png 0.380324
sgm_Lampshade1_SSD_29_100_scaled.png 0.491371
sgm_Lampshade1_ZSAD_9_100_scaled.png 0.409135
local_Lampshade1_Census_31_100_scaled.png 0.38617
sgm_Lampshade1_ZSAD_25_100_scaled.png 0.441844
sgm_Lampshade1_ZSAD_29_100_scaled.png 0.452027
local_Lampshade1_Census_29_100_scaled.png 0.382249
local_Lampshade1_SSD_17_100_scaled.png 0.462513
sgm_Lampshade1_Census_15_100_scaled.png 0.405841
local_Lampshade1_SSD_33_100_scaled.png 0.415909
sgm_Lampshade1_SSD_13_100_scaled.png 0.501415
sgm_Lampshade1_Census_1_100_scaled.png 1
sgm_Lampshade1_Census_23_100_scaled.png 0.438782
local_Lampshade1_SSD_9_100_scaled.png 0.54621
sgm_Lampshade1_ZSAD_27_100_scaled.png 0.447898
local_Lampshade1_SSD_15_100_scaled.png 0.473578
local_Lampshade1_SSD_3_100_scaled.png 0.734527
local_Lampshade1_Census_1_100_scaled.png 1
sgm_Lampshade1_ZSAD_5_100_scaled.png 0.371184
sgm_Lampshade1_SSD_21_100_scaled.png 0.498655
sgm_Lampshade1_Census_31_100_scaled.png 0.461863
sgm_Lampshade1_Census_19_100_scaled.png 0.426533
local_Lampshade1_ZSAD_23_100_scaled.png 0.381461
sgm_Lampshade1_ZSAD_31_100_scaled.png 0.461863
sgm_Lampshade1_Census_33_100_scaled.png 0.466039
sgm_Lampshade1_BT_1_100_scaled.png 0.365315
sgm_Lampshade1_SSD_15_100_scaled.png 0.498956
sgm_Lampshade1_Census_27_100_scaled.png 0.447898
local_Lampshade1_Census_9_100_scaled.png 0.459451
sgm_Lampshade1_Census_21_100_scaled.png 0.432472
sgm_Lampshade1_ZSAD_11_100_scaled.png 0.402617
local_Lampshade1_Census_19_100_scaled.png 0.381182
local_Lampshade1_SSD_23_100_scaled.png 0.436508
sgm_Lampshade1_Census_7_100_scaled.png 0.410736
local_Lampshade1_ZSAD_15_100_scaled.png 0.394242
sgm_Lampshade1_Census_29_100_scaled.png 0.452027
sgm_Lampshade1_SSD_19_100_scaled.png 0.502181
local_Lampshade1_ZSAD_3_100_scaled.png 0.710935
local_Lampshade1_SSD_7_100_scaled.png 0.58996
sgm_Lampshade1_ZSAD_33_100_scaled.png 0.466039
local_Lampshade1_ZSAD_25_100_scaled.png 0.380695
local_Lampshade1_SSD_1_100_scaled.png 0.86165
local_Lampshade1_ZSAD_31_100_scaled.png 0.38617
local_Lampshade1_Census_25_100_scaled.png 0.380695
sgm_Lampshade1_Census_5_100_scaled.png 0.371184
sgm_Lampshade1_ZSAD_1_100_scaled.png 1
sgm_Lampshade1_SSD_9_100_scaled.png 0.54665
local_Lampshade1_ZSAD_21_100_scaled.png 0.38204
sgm_Lampshade1_ZSAD_19_100_scaled.png 0.426533
local_Lampshade1_SSD_31_100_scaled.png 0.418182
local_Lampshade1_ZSAD_5_100_scaled.png 0.584207
local_Lampshade1_SSD_13_100_scaled.png 0.489004
local_Lampshade1_SSD_29_100_scaled.png 0.421268
sgm_Lampshade1_SSD_3_100_scaled.png 0.679062
local_Lampshade1_Census_33_100_scaled.png 0.389533
local_Lampshade1_Census_3_100_scaled.png 0.710935
sgm_Lampshade1_SSD_11_100_scaled.png 0.522339
local_Lampshade1_SSD_5_100_scaled.png 0.648975
sgm_Lampshade1_ZSAD_17_100_scaled.png 0.411501
local_Lampshade1_ZSAD_7_100_scaled.png 0.508931
sgm_Lampshade1_Census_9_100_scaled.png 0.409135
local_Lampshade1_ZSAD_9_100_scaled.png 0.459451
sgm_Lampshade1_SSD_25_100_scaled.png 0.490419
sgm_Lampshade1_ZSAD_13_100_scaled.png 0.400367
sgm_Lampshade1_SSD_7_100_scaled.png 0.586689
local_Lampshade1_Census_17_100_scaled.png 0.38443
sgm_Lampshade1_Census_3_100_scaled.png 0.228449
sgm_Lampshade1_Census_17_100_scaled.png 0.411501
local_Lampshade1_Census_7_100_scaled.png 0.508931
sgm_Lampshade1_ZSAD_23_100_scaled.png 0.438782
local_Lampshade1_SSD_27_100_scaled.png 0.423239
local_Lampshade1_SSD_19_100_scaled.png 0.454602
sgm_Lampshade1_ZSAD_3_100_scaled.png 0.228449
sgm_Lampshade1_SSD_17_100_scaled.png 0.499165
local_Lampshade1_ZSAD_33_100_scaled.png 0.389533
sgm_Lampshade1_SSD_5_100_scaled.png 0.63276
local_Lampshade1_Census_5_100_scaled.png 0.584207
sgm_Lampshade1_SSD_33_100_scaled.png 0.492646
local_Lampshade1_Census_15_100_scaled.png 0.394242
local_Lampshade1_ZSAD_19_100_scaled.png 0.381182
sgm_Lampshade1_Census_13_100_scaled.png 0.400367
local_Lampshade1_BT_1_100_scaled.png 0.850445
sgm_Lampshade1_ZSAD_21_100_scaled.png 0.432472
sgm_Lampshade1_SSD_27_100_scaled.png 0.491602
local_Lampshade1_ZSAD_13_100_scaled.png 0.409483
local_Lampshade1_ZSAD_11_100_scaled.png 0.42876
local_Lampshade1_Census_11_100_scaled.png 0.42876
sgm_Lampshade1_ZSAD_7_100_scaled.png 0.410736
local_Lampshade1_ZSAD_27_100_scaled.png 0.380324
sgm_Lampshade1_Census_25_100_scaled.png 0.441844
local_Lampshade1_SSD_21_100_scaled.png 0.445555
sgm_Lampshade1_ZSAD_15_100_scaled.png 0.405841
local_Lampshade1_Census_21_100_scaled.png 0.38204
local_Lampshade1_SSD_11_100_scaled.png 0.512944
sgm_Lampshade1_SSD_1_100_scaled.png 0.532662
local_Lampshade1_SSD_25_100_scaled.png 0.427879
local_Lampshade1_ZSAD_1_100_scaled.png 1
local_Lampshade1_Census_13_100_scaled.png 0.409483
sgm_Lampshade1_SSD_23_100_scaled.png 0.496613
local_Lampshade1_Census_23_100_scaled.png 0.381461
local_Lampshade1_ZSAD_17_100_scaled.png 0.38443
sgm_Lampshade1_Census_11_100_scaled.png 0.402617
sgm_Lampshade1_SSD_31_100_scaled.png 0.494108
local_Cloth3_Census_29_100_scaled.png 0.295238
local_Cloth3_ZSAD_21_100_scaled.png 0.25213
sgm_Cloth3_SSD_1_100_scaled.png 0.315288
local_Cloth3_ZSAD_13_100_scaled.png 0.195363
local_Cloth3_ZSAD_23_100_scaled.png 0.266291
local_Cloth3_Census_3_100_scaled.png 0.225564
local_Cloth3_ZSAD_1_100_scaled.png 1
local_Cloth3_ZSAD_27_100_scaled.png 0.286216
sgm_Cloth3_ZSAD_19_100_scaled.png 0.204887
sgm_Cloth3_Census_7_100_scaled.png 0.112907
local_Cloth3_SSD_19_100_scaled.png 0.252506
sgm_Cloth3_ZSAD_31_100_scaled.png 0.271805
sgm_Cloth3_ZSAD_33_100_scaled.png 0.281328
sgm_Cloth3_SSD_31_100_scaled.png 0.290727
sgm_Cloth3_SSD_25_100_scaled.png 0.270426
local_Cloth3_SSD_21_100_scaled.png 0.267669
local_Cloth3_SSD_29_100_scaled.png 0.314035
sgm_Cloth3_ZSAD_21_100_scaled.png 0.214912
local_Cloth3_Census_25_100_scaled.png 0.277945
sgm_Cloth3_SSD_7_100_scaled.png 0.11817
sgm_Cloth3_Census_33_100_scaled.png 0.281328
sgm_Cloth3_ZSAD_7_100_scaled.png 0.112907
sgm_Cloth3_ZSAD_1_100_scaled.png 1
local_Cloth3_Census_7_100_scaled.png 0.140977
sgm_Cloth3_Census_3_100_scaled.png 0.118797
sgm_Cloth3_Census_25_100_scaled.png 0.24812
sgm_Cloth3_Census_17_100_scaled.png 0.179073
sgm_Cloth3_SSD_5_100_scaled.png 0.121554
local_Cloth3_SSD_7_100_scaled.png 0.145614
sgm_Cloth3_SSD_19_100_scaled.png 0.218045
local_Cloth3_SSD_25_100_scaled.png 0.297995
local_Cloth3_ZSAD_29_100_scaled.png 0.295238
local_Cloth3_ZSAD_19_100_scaled.png 0.238722
sgm_Cloth3_SSD_27_100_scaled.png 0.27619
local_Cloth3_Census_21_100_scaled.png 0.25213
local_Cloth3_Census_15_100_scaled.png 0.209774
sgm_Cloth3_SSD_15_100_scaled.png 0.178571
sgm_Cloth3_ZSAD_27_100_scaled.png 0.254135
local_Cloth3_Census_13_100_scaled.png 0.195363
local_Cloth3_SSD_13_100_scaled.png 0.199499
sgm_Cloth3_Census_27_100_scaled.png 0.254135
local_Cloth3_SSD_1_100_scaled.png 0.769424
sgm_Cloth3_SSD_11_100_scaled.png 0.13396
local_Cloth3_ZSAD_5_100_scaled.png 0.131328
sgm_Cloth3_Census_21_100_scaled.png 0.214912
sgm_Cloth3_Census_5_100_scaled.png 0.11015
sgm_Cloth3_Census_11_100_scaled.png 0.129449
local_Cloth3_SSD_27_100_scaled.png 0.308145
sgm_Cloth3_Census_9_100_scaled.png 0.137218
local_Cloth3_ZSAD_11_100_scaled.png 0.177945
sgm_Cloth3_ZSAD_25_100_scaled.png 0.24812
local_Cloth3_SSD_17_100_scaled.png 0.23584
local_Cloth3_ZSAD_31_100_scaled.png 0.301754
local_Cloth3_Census_9_100_scaled.png 0.16015
sgm_Cloth3_Census_23_100_scaled.png 0.230702
local_Cloth3_Census_17_100_scaled.png 0.223308
sgm_Cloth3_ZSAD_15_100_scaled.png 0.169549
sgm_Cloth3_Census_13_100_scaled.png 0.147995
local_Cloth3_SSD_15_100_scaled.png 0.218546
sgm_Cloth3_SSD_29_100_scaled.png 0.284461
local_Cloth3_SSD_9_100_scaled.png 0.163409
local_Cloth3_Census_1_100_scaled.png 1
local_Cloth3_ZSAD_9_100_scaled.png 0.16015
local_Cloth3_SSD_11_100_scaled.png 0.181704
sgm_Cloth3_ZSAD_29_100_scaled.png 0.263659
sgm_Cloth3_ZSAD_5_100_scaled.png 0.11015
local_Cloth3_Census_5_100_scaled.png 0.131328
sgm_Cloth3_Census_29_100_scaled.png 0.263659
local_Cloth3_Census_23_100_scaled.png 0.266291
local_Cloth3_Census_19_100_scaled.png 0.238722
sgm_Cloth3_SSD_21_100_scaled.png 0.231955
local_Cloth3_SSD_5_100_scaled.png 0.136842
local_Cloth3_Census_11_100_scaled.png 0.177945
sgm_Cloth3_ZSAD_17_100_scaled.png 0.179073
sgm_Cloth3_SSD_17_100_scaled.png 0.191604
local_Cloth3_Census_33_100_scaled.png 0.312657
sgm_Cloth3_ZSAD_13_100_scaled.png 0.147995
sgm_Cloth3_ZSAD_23_100_scaled.png 0.230702
sgm_Cloth3_ZSAD_9_100_scaled.png 0.137218
sgm_Cloth3_ZSAD_3_100_scaled.png 0.118797
sgm_Cloth3_SSD_33_100_scaled.png 0.292732
local_Cloth3_ZSAD_25_100_scaled.png 0.277945
local_Cloth3_ZSAD_3_100_scaled.png 0.225564
sgm_Cloth3_Census_1_100_scaled.png 1
sgm_Cloth3_Census_15_100_scaled.png 0.169549
sgm_Cloth3_ZSAD_11_100_scaled.png 0.129449
sgm_Cloth3_SSD_3_100_scaled.png 0.183584
sgm_Cloth3_SSD_23_100_scaled.png 0.250125
sgm_Cloth3_Census_19_100_scaled.png 0.204887
local_Cloth3_SSD_31_100_scaled.png 0.318296
sgm_Cloth3_SSD_9_100_scaled.png 0.142231
local_Cloth3_SSD_23_100_scaled.png 0.283333
local_Cloth3_ZSAD_7_100_scaled.png 0.140977
sgm_Cloth3_Census_31_100_scaled.png 0.271805
local_Cloth3_ZSAD_33_100_scaled.png 0.312657
sgm_Cloth3_BT_1_100_scaled.png 0.104386
local_Cloth3_SSD_3_100_scaled.png 0.198371
local_Cloth3_ZSAD_15_100_scaled.png 0.209774
local_Cloth3_Census_31_100_scaled.png 0.301754
local_Cloth3_ZSAD_17_100_scaled.png 0.223308
local_Cloth3_BT_1_100_scaled.png 0.889599
local_Cloth3_SSD_33_100_scaled.png 0.322556
sgm_Cloth3_SSD_13_100_scaled.png 0.152506
local_Cloth3_Census_27_100_scaled.png 0.286216
sgm_Bowling1_ZSAD_23_100_scaled.png 0.311065
sgm_Bowling1_Census_7_100_scaled.png 0.207056
sgm_Bowling1_Census_17_100_scaled.png 0.242536
local_Bowling1_Census_25_100_scaled.png 0.382533
local_Bowling1_Census_23_100_scaled.png 0.360383
sgm_Bowling1_Census_3_100_scaled.png 0.151655
sgm_Bowling1_ZSAD_31_100_scaled.png 0.395205
sgm_Bowling1_ZSAD_13_100_scaled.png 0.209843
local_Bowling1_ZSAD_27_100_scaled.png 0.404278
sgm_Bowling1_Census_13_100_scaled.png 0.209843
sgm_Bowling1_SSD_13_100_scaled.png 0.322824
sgm_Bowling1_SSD_11_100_scaled.png 0.336307
local_Bowling1_Census_5_100_scaled.png 0.339703
local_Bowling1_ZSAD_25_100_scaled.png 0.382533
sgm_Bowling1_ZSAD_21_100_scaled.png 0.284911
local_Bowling1_SSD_9_100_scaled.png 0.392062
sgm_Bowling1_Census_1_100_scaled.png 1
local_Bowling1_ZSAD_3_100_scaled.png 0.50626
local_Bowling1_ZSAD_1_100_scaled.png 1
local_Bowling1_ZSAD_31_100_scaled.png 0.450403
sgm_Bowling1_ZSAD_29_100_scaled.png 0.37787
local_Bowling1_SSD_3_100_scaled.png 0.592529
local_Bowling1_ZSAD_7_100_scaled.png 0.285722
sgm_Bowling1_Census_5_100_scaled.png 0.206093
local_Bowling1_SSD_15_100_scaled.png 0.379289
sgm_Bowling1_ZSAD_33_100_scaled.png 0.408181
local_Bowling1_Census_29_100_scaled.png 0.426327
local_Bowling1_ZSAD_19_100_scaled.png 0.320442
sgm_Bowling1_ZSAD_5_100_scaled.png 0.206093
sgm_Bowling1_ZSAD_3_100_scaled.png 0.151655
sgm_Bowling1_SSD_29_100_scaled.png 0.4096
local_Bowling1_SSD_23_100_scaled.png 0.411222
local_Bowling1_Census_9_100_scaled.png 0.271681
local_Bowling1_Census_3_100_scaled.png 0.50626
sgm_Bowling1_ZSAD_1_100_scaled.png 1
local_Bowling1_ZSAD_5_100_scaled.png 0.339703
sgm_Bowling1_SSD_9_100_scaled.png 0.368645
sgm_Bowling1_SSD_27_100_scaled.png 0.394647
sgm_Bowling1_SSD_19_100_scaled.png 0.334381
local_Bowling1_ZSAD_11_100_scaled.png 0.271124
local_Bowling1_Census_19_100_scaled.png 0.320442
sgm_Bowling1_SSD_25_100_scaled.png 0.381621
local_Bowling1_ZSAD_13_100_scaled.png 0.275381
sgm_Bowling1_Census_25_100_scaled.png 0.338537
sgm_Bowling1_Census_15_100_scaled.png 0.227533
local_Bowling1_SSD_13_100_scaled.png 0.379948
local_Bowling1_SSD_29_100_scaled.png 0.456333
sgm_Bowling1_ZSAD_17_100_scaled.png 0.242536
local_Bowling1_BT_1_100_scaled.png 0.797912
sgm_Bowling1_Census_9_100_scaled.png 0.221451
local_Bowling1_Census_13_100_scaled.png 0.275381
sgm_Bowling1_ZSAD_25_100_scaled.png 0.338537
local_Bowling1_ZSAD_23_100_scaled.png 0.360383
local_Bowling1_Census_31_100_scaled.png 0.450403
local_Bowling1_SSD_21_100_scaled.png 0.398449
sgm_Bowling1_SSD_7_100_scaled.png 0.385321
sgm_Bowling1_SSD_15_100_scaled.png 0.327285
local_Bowling1_Census_11_100_scaled.png 0.271124
local_Bowling1_SSD_7_100_scaled.png 0.416088
sgm_Bowling1_SSD_21_100_scaled.png 0.349131
local_Bowling1_Census_33_100_scaled.png 0.471843
sgm_Bowling1_BT_1_100_scaled.png 0.195043
local_Bowling1_Census_15_100_scaled.png 0.28709
local_Bowling1_Census_1_100_scaled.png 1
local_Bowling1_ZSAD_21_100_scaled.png 0.337625
sgm_Bowling1_SSD_17_100_scaled.png 0.327285
sgm_Bowling1_SSD_31_100_scaled.png 0.42582
local_Bowling1_ZSAD_9_100_scaled.png 0.271681
sgm_Bowling1_Census_19_100_scaled.png 0.264839
sgm_Bowling1_Census_23_100_scaled.png 0.311065
local_Bowling1_SSD_33_100_scaled.png 0.502762
local_Bowling1_SSD_19_100_scaled.png 0.386994
sgm_Bowling1_SSD_3_100_scaled.png 0.539662
local_Bowling1_Census_21_100_scaled.png 0.337625
sgm_Bowling1_ZSAD_11_100_scaled.png 0.204775
sgm_Bowling1_ZSAD_15_100_scaled.png 0.227533
local_Bowling1_Census_7_100_scaled.png 0.285722
sgm_Bowling1_ZSAD_19_100_scaled.png 0.264839
local_Bowling1_SSD_17_100_scaled.png 0.380252
sgm_Bowling1_Census_21_100_scaled.png 0.284911
local_Bowling1_SSD_11_100_scaled.png 0.384611
sgm_Bowling1_SSD_33_100_scaled.png 0.439303
local_Bowling1_SSD_5_100_scaled.png 0.4723
local_Bowling1_SSD_1_100_scaled.png 0.780678
sgm_Bowling1_ZSAD_7_100_scaled.png 0.207056
local_Bowling1_SSD_27_100_scaled.png 0.439455
local_Bowling1_Census_27_100_scaled.png 0.404278
local_Bowling1_ZSAD_29_100_scaled.png 0.426327
sgm_Bowling1_Census_29_100_scaled.png 0.37787
local_Bowling1_Census_17_100_scaled.png 0.302195
sgm_Bowling1_SSD_1_100_scaled.png 0.403416
sgm_Bowling1_ZSAD_27_100_scaled.png 0.357241
sgm_Bowling1_SSD_23_100_scaled.png 0.36383
local_Bowling1_ZSAD_33_100_scaled.png 0.471843
local_Bowling1_ZSAD_15_100_scaled.png 0.28709
sgm_Bowling1_Census_27_100_scaled.png 0.357241
sgm_Bowling1_Census_33_100_scaled.png 0.408181
sgm_Bowling1_ZSAD_9_100_scaled.png 0.221451
local_Bowling1_SSD_25_100_scaled.png 0.423843
local_Bowling1_ZSAD_17_100_scaled.png 0.302195
sgm_Bowling1_Census_31_100_scaled.png 0.395205
sgm_Bowling1_Census_11_100_scaled.png 0.204775
local_Bowling1_SSD_31_100_scaled.png 0.479447
sgm_Bowling1_SSD_5_100_scaled.png 0.444118
local_Wood1_ZSAD_3_100_scaled.png 0.319492
sgm_Wood1_SSD_25_100_scaled.png 0.257696
local_Wood1_SSD_11_100_scaled.png 0.197665
local_Wood1_Census_31_100_scaled.png 0.271099
sgm_Wood1_ZSAD_9_100_scaled.png 0.126333
local_Wood1_ZSAD_33_100_scaled.png 0.277707
sgm_Wood1_ZSAD_13_100_scaled.png 0.157306
sgm_Wood1_ZSAD_15_100_scaled.png 0.174651
local_Wood1_ZSAD_25_100_scaled.png 0.241328
local_Wood1_SSD_7_100_scaled.png 0.209266
local_Wood1_Census_21_100_scaled.png 0.222143
sgm_Wood1_SSD_11_100_scaled.png 0.194887
sgm_Wood1_ZSAD_17_100_scaled.png 0.19575
sgm_Wood1_ZSAD_19_100_scaled.png 0.207201
sgm_Wood1_Census_21_100_scaled.png 0.21974
local_Wood1_Census_13_100_scaled.png 0.161736
sgm_Wood1_Census_17_100_scaled.png 0.19575
local_Wood1_Census_15_100_scaled.png 0.178105
sgm_Wood1_Census_19_100_scaled.png 0.207201
sgm_Wood1_SSD_5_100_scaled.png 0.258748
sgm_Wood1_ZSAD_33_100_scaled.png 0.271888
local_Wood1_SSD_3_100_scaled.png 0.457426
local_Wood1_SSD_31_100_scaled.png 0.285328
sgm_Wood1_SSD_13_100_scaled.png 0.202771
sgm_Wood1_SSD_17_100_scaled.png 0.216549
local_Wood1_SSD_33_100_scaled.png 0.292837
local_Wood1_SSD_27_100_scaled.png 0.268772
sgm_Wood1_ZSAD_7_100_scaled.png 0.111653
local_Wood1_SSD_19_100_scaled.png 0.2286
sgm_Wood1_Census_5_100_scaled.png 0.103469
sgm_Wood1_BT_1_100_scaled.png 0.190757
sgm_Wood1_Census_13_100_scaled.png 0.157306
sgm_Wood1_SSD_31_100_scaled.png 0.28041
sgm_Wood1_SSD_15_100_scaled.png 0.211518
local_Wood1_SSD_1_100_scaled.png 0.842356
local_Wood1_SSD_21_100_scaled.png 0.240502
local_Wood1_Census_23_100_scaled.png 0.232505
local_Wood1_ZSAD_5_100_scaled.png 0.138159
sgm_Wood1_Census_15_100_scaled.png 0.174651
local_Wood1_ZSAD_7_100_scaled.png 0.12194
local_Wood1_ZSAD_23_100_scaled.png 0.232505
local_Wood1_Census_11_100_scaled.png 0.147807
sgm_Wood1_SSD_29_100_scaled.png 0.272976
sgm_Wood1_ZSAD_31_100_scaled.png 0.264717
sgm_Wood1_ZSAD_25_100_scaled.png 0.238737
sgm_Wood1_Census_11_100_scaled.png 0.142777
local_Wood1_ZSAD_29_100_scaled.png 0.262014
local_Wood1_SSD_15_100_scaled.png 0.213433
local_Wood1_ZSAD_13_100_scaled.png 0.161736
local_Wood1_SSD_23_100_scaled.png 0.251614
sgm_Wood1_SSD_23_100_scaled.png 0.248724
local_Wood1_ZSAD_1_100_scaled.png 1
local_Wood1_SSD_5_100_scaled.png 0.276994
local_Wood1_Census_27_100_scaled.png 0.252027
local_Wood1_ZSAD_11_100_scaled.png 0.147807
sgm_Wood1_Census_3_100_scaled.png 0.103244
sgm_Wood1_Census_29_100_scaled.png 0.257283
sgm_Wood1_SSD_33_100_scaled.png 0.287693
sgm_Wood1_SSD_27_100_scaled.png 0.26498
local_Wood1_Census_29_100_scaled.png 0.262014
local_Wood1_Census_5_100_scaled.png 0.138159
sgm_Wood1_Census_23_100_scaled.png 0.229239
local_Wood1_ZSAD_19_100_scaled.png 0.210542
local_Wood1_Census_1_100_scaled.png 1
local_Wood1_BT_1_100_scaled.png 0.902688
sgm_Wood1_Census_7_100_scaled.png 0.111653
sgm_Wood1_ZSAD_29_100_scaled.png 0.257283
local_Wood1_Census_3_100_scaled.png 0.319492
sgm_Wood1_ZSAD_3_100_scaled.png 0.103244
sgm_Wood1_Census_27_100_scaled.png 0.247522
local_Wood1_Census_7_100_scaled.png 0.12194
sgm_Wood1_ZSAD_11_100_scaled.png 0.142777
sgm_Wood1_Census_9_100_scaled.png 0.126333
local_Wood1_ZSAD_21_100_scaled.png 0.222143
sgm_Wood1_SSD_3_100_scaled.png 0.377722
sgm_Wood1_ZSAD_1_100_scaled.png 1
local_Wood1_Census_33_100_scaled.png 0.277707
sgm_Wood1_Census_1_100_scaled.png 1
sgm_Wood1_Census_31_100_scaled.png 0.264717
sgm_Wood1_SSD_9_100_scaled.png 0.193986
sgm_Wood1_SSD_7_100_scaled.png 0.204798
sgm_Wood1_SSD_19_100_scaled.png 0.226536
local_Wood1_Census_17_100_scaled.png 0.19804
sgm_Wood1_SSD_21_100_scaled.png 0.238249
local_Wood1_SSD_13_100_scaled.png 0.205361
local_Wood1_ZSAD_27_100_scaled.png 0.252027
local_Wood1_SSD_17_100_scaled.png 0.218914
local_Wood1_ZSAD_17_100_scaled.png 0.19804
sgm_Wood1_ZSAD_27_100_scaled.png 0.247522
local_Wood1_ZSAD_15_100_scaled.png 0.178105
sgm_Wood1_ZSAD_23_100_scaled.png 0.229239
sgm_Wood1_Census_33_100_scaled.png 0.271888
local_Wood1_SSD_29_100_scaled.png 0.277256
sgm_Wood1_SSD_1_100_scaled.png 0.31097
local_Wood1_SSD_25_100_scaled.png 0.260212
local_Wood1_Census_9_100_scaled.png 0.132452
local_Wood1_ZSAD_31_100_scaled.png 0.271099
local_Wood1_Census_19_100_scaled.png 0.210542
local_Wood1_ZSAD_9_100_scaled.png 0.132452
sgm_Wood1_Census_25_100_scaled.png 0.238737
sgm_Wood1_ZSAD_21_100_scaled.png 0.21974
local_Wood1_Census_25_100_scaled.png 0.241328
local_Wood1_SSD_9_100_scaled.png 0.196126
sgm_Wood1_ZSAD_5_100_scaled.png 0.103469
local_Bowling2_SSD_23_100_scaled.png 0.546774
local_Bowling2_ZSAD_15_100_scaled.png 0.234023
sgm_Bowling2_BT_1_100_scaled.png 0.472677
sgm_Bowling2_Census_31_100_scaled.png 0.435011
local_Bowling2_SSD_29_100_scaled.png 0.57703
sgm_Bowling2_ZSAD_1_100_scaled.png 1
local_Bowling2_Census_31_100_scaled.png 0.391016
sgm_Bowling2_Census_5_100_scaled.png 0.138777
sgm_Bowling2_SSD_15_100_scaled.png 0.509725
local_Bowling2_SSD_13_100_scaled.png 0.476227
sgm_Bowling2_Census_19_100_scaled.png 0.306576
local_Bowling2_ZSAD_33_100_scaled.png 0.407688
local_Bowling2_SSD_21_100_scaled.png 0.53427
local_Bowling2_ZSAD_31_100_scaled.png 0.391016
local_Bowling2_Census_25_100_scaled.png 0.330195
local_Bowling2_SSD_9_100_scaled.png 0.469281
local_Bowling2_Census_13_100_scaled.png 0.223371
sgm_Bowling2_SSD_25_100_scaled.png 0.597098
sgm_Bowling2_SSD_19_100_scaled.png 0.554646
sgm_Bowling2_Census_9_100_scaled.png 0.176906
sgm_Bowling2_SSD_27_100_scaled.png 0.609139
local_Bowling2_SSD_27_100_scaled.png 0.568231
sgm_Bowling2_SSD_29_100_scaled.png 0.611609
local_Bowling2_ZSAD_3_100_scaled.png 0.48055
sgm_Bowling2_Census_25_100_scaled.png 0.365545
sgm_Bowling2_ZSAD_9_100_scaled.png 0.176906
sgm_Bowling2_Census_23_100_scaled.png 0.347484
sgm_Bowling2_SSD_5_100_scaled.png 0.508953
local_Bowling2_SSD_5_100_scaled.png 0.522075
sgm_Bowling2_ZSAD_21_100_scaled.png 0.325255
local_Bowling2_Census_7_100_scaled.png 0.212411
sgm_Bowling2_ZSAD_25_100_scaled.png 0.365699
local_Bowling2_ZSAD_9_100_scaled.png 0.204693
local_Bowling2_SSD_3_100_scaled.png 0.629361
local_Bowling2_SSD_25_100_scaled.png 0.557116
local_Bowling2_Census_5_100_scaled.png 0.273232
local_Bowling2_ZSAD_25_100_scaled.png 0.330195
sgm_Bowling2_ZSAD_19_100_scaled.png 0.306576
sgm_Bowling2_SSD_1_100_scaled.png 0.677833
local_Bowling2_Census_33_100_scaled.png 0.407688
local_Bowling2_ZSAD_19_100_scaled.png 0.270145
local_Bowling2_Census_3_100_scaled.png 0.48055
local_Bowling2_Census_1_100_scaled.png 1
local_Bowling2_SSD_15_100_scaled.png 0.48904
local_Bowling2_Census_23_100_scaled.png 0.311516
sgm_Bowling2_SSD_13_100_scaled.png 0.476999
sgm_Bowling2_Census_15_100_scaled.png 0.256252
sgm_Bowling2_ZSAD_7_100_scaled.png 0.14665
sgm_Bowling2_SSD_9_100_scaled.png 0.462334
local_Bowling2_ZSAD_5_100_scaled.png 0.273232
sgm_Bowling2_SSD_31_100_scaled.png 0.625965
sgm_Bowling2_ZSAD_31_100_scaled.png 0.435165
local_Bowling2_Census_27_100_scaled.png 0.350108
sgm_Bowling2_ZSAD_23_100_scaled.png 0.347021
sgm_Bowling2_Census_21_100_scaled.png 0.325255
sgm_Bowling2_ZSAD_13_100_scaled.png 0.221519
local_Bowling2_SSD_17_100_scaled.png 0.505249
local_Bowling2_ZSAD_11_100_scaled.png 0.215036
sgm_Bowling2_ZSAD_5_100_scaled.png 0.138777
local_Bowling2_Census_15_100_scaled.png 0.234023
local_Bowling2_Census_17_100_scaled.png 0.248842
sgm_Bowling2_ZSAD_29_100_scaled.png 0.408614
sgm_Bowling2_Census_7_100_scaled.png 0.14665
local_Bowling2_Census_9_100_scaled.png 0.204693
sgm_Bowling2_SSD_17_100_scaled.png 0.530719
local_Bowling2_BT_1_100_scaled.png 0.872183
local_Bowling2_SSD_33_100_scaled.png 0.597098
local_Bowling2_Census_29_100_scaled.png 0.372183
sgm_Bowling2_SSD_11_100_scaled.png 0.462488
local_Bowling2_Census_19_100_scaled.png 0.270145
sgm_Bowling2_Census_29_100_scaled.png 0.408459
sgm_Bowling2_SSD_3_100_scaled.png 0.610219
local_Bowling2_ZSAD_29_100_scaled.png 0.372183
local_Bowling2_ZSAD_23_100_scaled.png 0.311516
local_Bowling2_ZSAD_13_100_scaled.png 0.223371
sgm_Bowling2_ZSAD_11_100_scaled.png 0.189102
sgm_Bowling2_ZSAD_3_100_scaled.png 0.143254
sgm_Bowling2_Census_11_100_scaled.png 0.189102
local_Bowling2_SSD_1_100_scaled.png 0.840537
local_Bowling2_ZSAD_7_100_scaled.png 0.212411
sgm_Bowling2_SSD_23_100_scaled.png 0.582124
local_Bowling2_ZSAD_27_100_scaled.png 0.350108
local_Bowling2_ZSAD_21_100_scaled.png 0.291757
local_Bowling2_SSD_7_100_scaled.png 0.470824
local_Bowling2_SSD_19_100_scaled.png 0.519142
sgm_Bowling2_Census_17_100_scaled.png 0.274622
local_Bowling2_Census_21_100_scaled.png 0.291757
sgm_Bowling2_Census_13_100_scaled.png 0.221519
local_Bowling2_ZSAD_1_100_scaled.png 1
sgm_Bowling2_Census_3_100_scaled.png 0.143254
local_Bowling2_Census_11_100_scaled.png 0.215036
sgm_Bowling2_ZSAD_17_100_scaled.png 0.274622
local_Bowling2_SSD_11_100_scaled.png 0.477308
sgm_Bowling2_SSD_21_100_scaled.png 0.568848
sgm_Bowling2_SSD_33_100_scaled.png 0.638469
local_Bowling2_ZSAD_17_100_scaled.png 0.248842
local_Bowling2_SSD_31_100_scaled.png 0.585983
sgm_Bowling2_Census_27_100_scaled.png 0.391479
sgm_Bowling2_ZSAD_15_100_scaled.png 0.256252
sgm_Bowling2_Census_33_100_scaled.png 0.450293
sgm_Bowling2_Census_1_100_scaled.png 1
sgm_Bowling2_SSD_7_100_scaled.png 0.454461
sgm_Bowling2_ZSAD_27_100_scaled.png 0.391633
sgm_Bowling2_ZSAD_33_100_scaled.png 0.450293
sgm_Wood2_ZSAD_29_100_scaled.png 0.260505
local_Wood2_Census_33_100_scaled.png 0.323678
sgm_Wood2_SSD_27_100_scaled.png 0.275179
sgm_Wood2_Census_17_100_scaled.png 0.161172
local_Wood2_SSD_27_100_scaled.png 0.301239
local_Wood2_SSD_7_100_scaled.png 0.333349
sgm_Wood2_ZSAD_31_100_scaled.png 0.275846
local_Wood2_Census_9_100_scaled.png 0.142163
local_Wood2_SSD_13_100_scaled.png 0.288661
local_Wood2_Census_29_100_scaled.png 0.288661
local_Wood2_SSD_25_100_scaled.png 0.292711
sgm_Wood2_SSD_3_100_scaled.png 0.442354
sgm_Wood2_ZSAD_19_100_scaled.png 0.178085
local_Wood2_SSD_21_100_scaled.png 0.277847
sgm_Wood2_ZSAD_1_100_scaled.png 1
local_Wood2_Census_27_100_scaled.png 0.271463
local_Wood2_ZSAD_3_100_scaled.png 0.38828
local_Wood2_Census_7_100_scaled.png 0.148118
sgm_Wood2_SSD_29_100_scaled.png 0.290091
local_Wood2_Census_13_100_scaled.png 0.163268
sgm_Wood2_Census_13_100_scaled.png 0.12768
sgm_Wood2_SSD_23_100_scaled.png 0.258028
local_Wood2_ZSAD_33_100_scaled.png 0.323678
local_Wood2_Census_11_100_scaled.png 0.152311
sgm_Wood2_Census_1_100_scaled.png 1
local_Wood2_SSD_9_100_scaled.png 0.312149
sgm_Wood2_ZSAD_5_100_scaled.png 0.0770843
local_Wood2_ZSAD_25_100_scaled.png 0.255074
local_Wood2_Census_3_100_scaled.png 0.38828
sgm_Wood2_ZSAD_21_100_scaled.png 0.193235
local_Wood2_ZSAD_9_100_scaled.png 0.142163
sgm_Wood2_SSD_5_100_scaled.png 0.344831
sgm_Wood2_Census_31_100_scaled.png 0.275846
local_Wood2_SSD_19_100_scaled.png 0.275798
sgm_Wood2_SSD_17_100_scaled.png 0.245831
sgm_Wood2_ZSAD_11_100_scaled.png 0.113911
local_Wood2_Census_15_100_scaled.png 0.17818
local_Wood2_Census_5_100_scaled.png 0.198047
local_Wood2_BT_1_100_scaled.png 0.921486
sgm_Wood2_Census_21_100_scaled.png 0.193235
sgm_Wood2_SSD_31_100_scaled.png 0.303573
sgm_Wood2_BT_1_100_scaled.png 0.203811
sgm_Wood2_Census_15_100_scaled.png 0.143687
sgm_Wood2_SSD_33_100_scaled.png 0.317723
sgm_Wood2_SSD_1_100_scaled.png 0.290233
sgm_Wood2_SSD_21_100_scaled.png 0.248595
sgm_Wood2_ZSAD_17_100_scaled.png 0.161172
local_Wood2_SSD_17_100_scaled.png 0.274464
sgm_Wood2_Census_23_100_scaled.png 0.212863
local_Wood2_SSD_3_100_scaled.png 0.552596
local_Wood2_SSD_31_100_scaled.png 0.335017
local_Wood2_ZSAD_13_100_scaled.png 0.163268
local_Wood2_SSD_29_100_scaled.png 0.317532
local_Wood2_Census_1_100_scaled.png 1
sgm_Wood2_Census_9_100_scaled.png 0.110386
local_Wood2_ZSAD_19_100_scaled.png 0.207766
sgm_Wood2_SSD_15_100_scaled.png 0.25393
local_Wood2_SSD_15_100_scaled.png 0.280515
sgm_Wood2_SSD_25_100_scaled.png 0.267842
local_Wood2_ZSAD_29_100_scaled.png 0.288661
sgm_Wood2_Census_3_100_scaled.png 0.063697
local_Wood2_ZSAD_17_100_scaled.png 0.194331
sgm_Wood2_ZSAD_15_100_scaled.png 0.143687
local_Wood2_Census_21_100_scaled.png 0.22363
local_Wood2_ZSAD_11_100_scaled.png 0.152311
sgm_Wood2_Census_27_100_scaled.png 0.244974
local_Wood2_ZSAD_1_100_scaled.png 1
local_Wood2_ZSAD_5_100_scaled.png 0.198047
local_Wood2_SSD_23_100_scaled.png 0.284469
sgm_Wood2_SSD_11_100_scaled.png 0.271987
sgm_Wood2_ZSAD_33_100_scaled.png 0.288423
local_Wood2_ZSAD_7_100_scaled.png 0.148118
local_Wood2_Census_31_100_scaled.png 0.30748
local_Wood2_Census_17_100_scaled.png 0.194331
local_Wood2_SSD_1_100_scaled.png 0.882849
sgm_Wood2_Census_5_100_scaled.png 0.0770843
local_Wood2_Census_23_100_scaled.png 0.238685
sgm_Wood2_ZSAD_7_100_scaled.png 0.0902811
sgm_Wood2_Census_25_100_scaled.png 0.231729
local_Wood2_ZSAD_21_100_scaled.png 0.22363
sgm_Wood2_ZSAD_23_100_scaled.png 0.212863
sgm_Wood2_ZSAD_27_100_scaled.png 0.244974
local_Wood2_ZSAD_15_100_scaled.png 0.17818
sgm_Wood2_Census_29_100_scaled.png 0.260505
sgm_Wood2_Census_19_100_scaled.png 0.178085
local_Wood2_Census_19_100_scaled.png 0.207766
sgm_Wood2_Census_7_100_scaled.png 0.0902811
sgm_Wood2_SSD_9_100_scaled.png 0.294855
sgm_Wood2_SSD_13_100_scaled.png 0.259838
local_Wood2_ZSAD_27_100_scaled.png 0.271463
local_Wood2_SSD_11_100_scaled.png 0.298523
local_Wood2_SSD_33_100_scaled.png 0.35293
local_Wood2_Census_25_100_scaled.png 0.255074
sgm_Wood2_ZSAD_3_100_scaled.png 0.063697
sgm_Wood2_ZSAD_25_100_scaled.png 0.231729
sgm_Wood2_SSD_19_100_scaled.png 0.247737
sgm_Wood2_Census_33_100_scaled.png 0.288423
local_Wood2_ZSAD_31_100_scaled.png 0.30748
sgm_Wood2_ZSAD_13_100_scaled.png 0.12768
sgm_Wood2_Census_11_100_scaled.png 0.113911
sgm_Wood2_ZSAD_9_100_scaled.png 0.110386
sgm_Wood2_SSD_7_100_scaled.png 0.309481
local_Wood2_ZSAD_23_100_scaled.png 0.238685
local_Wood2_SSD_5_100_scaled.png 0.383754
sgm_Cloth2_ZSAD_21_100_scaled.png 0.29473
local_Cloth2_SSD_13_100_scaled.png 0.287157
sgm_Cloth2_SSD_29_100_scaled.png 0.381193
local_Cloth2_SSD_9_100_scaled.png 0.279899
local_Cloth2_ZSAD_17_100_scaled.png 0.290312
sgm_Cloth2_Census_11_100_scaled.png 0.207005
sgm_Cloth2_SSD_5_100_scaled.png 0.314926
local_Cloth2_Census_11_100_scaled.png 0.247081
local_Cloth2_ZSAD_11_100_scaled.png 0.247081
sgm_Cloth2_Census_27_100_scaled.png 0.35437
sgm_Cloth2_BT_1_100_scaled.png 0.240454
sgm_Cloth2_ZSAD_1_100_scaled.png 1
sgm_Cloth2_Census_15_100_scaled.png 0.242032
local_Cloth2_Census_21_100_scaled.png 0.319028
sgm_Cloth2_ZSAD_9_100_scaled.png 0.20669
sgm_Cloth2_SSD_1_100_scaled.png 0.456611
sgm_Cloth2_Census_31_100_scaled.png 0.374251
sgm_Cloth2_Census_5_100_scaled.png 0.177974
sgm_Cloth2_SSD_21_100_scaled.png 0.313664
sgm_Cloth2_ZSAD_19_100_scaled.png 0.272957
local_Cloth2_ZSAD_21_100_scaled.png 0.319028
sgm_Cloth2_SSD_3_100_scaled.png 0.383086
local_Cloth2_Census_17_100_scaled.png 0.290312
local_Cloth2_Census_7_100_scaled.png 0.210476
local_Cloth2_SSD_17_100_scaled.png 0.308299
local_Cloth2_Census_25_100_scaled.png 0.350584
sgm_Cloth2_SSD_31_100_scaled.png 0.39066
sgm_Cloth2_ZSAD_27_100_scaled.png 0.35437
local_Cloth2_Census_31_100_scaled.png 0.38782
sgm_Cloth2_Census_29_100_scaled.png 0.366993
local_Cloth2_Census_33_100_scaled.png 0.394762
local_Cloth2_SSD_27_100_scaled.png 0.382455
local_Cloth2_SSD_29_100_scaled.png 0.392237
local_Cloth2_SSD_23_100_scaled.png 0.354686
local_Cloth2_SSD_31_100_scaled.png 0.404228
local_Cloth2_ZSAD_9_100_scaled.png 0.229725
sgm_Cloth2_ZSAD_33_100_scaled.png 0.384664
sgm_Cloth2_Census_19_100_scaled.png 0.272957
local_Cloth2_ZSAD_7_100_scaled.png 0.210476
sgm_Cloth2_ZSAD_13_100_scaled.png 0.222152
local_Cloth2_Census_15_100_scaled.png 0.277059
sgm_Cloth2_ZSAD_11_100_scaled.png 0.207005
sgm_Cloth2_ZSAD_23_100_scaled.png 0.312086
sgm_Cloth2_Census_25_100_scaled.png 0.335753
sgm_Cloth2_ZSAD_7_100_scaled.png 0.183654
local_Cloth2_SSD_15_100_scaled.png 0.297886
local_Cloth2_ZSAD_5_100_scaled.png 0.207321
local_Cloth2_ZSAD_1_100_scaled.png 1
local_Cloth2_SSD_7_100_scaled.png 0.293152
local_Cloth2_Census_9_100_scaled.png 0.229725
sgm_Cloth2_Census_7_100_scaled.png 0.183654
sgm_Cloth2_SSD_9_100_scaled.png 0.259388
sgm_Cloth2_ZSAD_17_100_scaled.png 0.252446
sgm_Cloth2_Census_23_100_scaled.png 0.312086
sgm_Cloth2_Census_1_100_scaled.png 1
local_Cloth2_SSD_21_100_scaled.png 0.340486
local_Cloth2_ZSAD_33_100_scaled.png 0.394762
sgm_Cloth2_SSD_15_100_scaled.png 0.264437
sgm_Cloth2_SSD_33_100_scaled.png 0.401388
local_Cloth2_SSD_33_100_scaled.png 0.412749
sgm_Cloth2_ZSAD_5_100_scaled.png 0.177974
sgm_Cloth2_Census_3_100_scaled.png 0.168823
sgm_Cloth2_ZSAD_29_100_scaled.png 0.366993
local_Cloth2_Census_13_100_scaled.png 0.262859
local_Cloth2_ZSAD_13_100_scaled.png 0.262859
sgm_Cloth2_SSD_7_100_scaled.png 0.276112
local_Cloth2_SSD_5_100_scaled.png 0.325655
local_Cloth2_ZSAD_31_100_scaled.png 0.38782
local_Cloth2_SSD_11_100_scaled.png 0.279268
local_Cloth2_Census_29_100_scaled.png 0.377722
local_Cloth2_Census_1_100_scaled.png 1
local_Cloth2_Census_5_100_scaled.png 0.207321
sgm_Cloth2_Census_33_100_scaled.png 0.384664
sgm_Cloth2_SSD_25_100_scaled.png 0.354055
local_Cloth2_SSD_19_100_scaled.png 0.324077
local_Cloth2_ZSAD_27_100_scaled.png 0.365731
sgm_Cloth2_SSD_17_100_scaled.png 0.273588
sgm_Cloth2_Census_21_100_scaled.png 0.29473
local_Cloth2_ZSAD_19_100_scaled.png 0.304197
sgm_Cloth2_ZSAD_3_100_scaled.png 0.168823
local_Cloth2_ZSAD_29_100_scaled.png 0.377722
sgm_Cloth2_Census_13_100_scaled.png 0.222152
sgm_Cloth2_ZSAD_25_100_scaled.png 0.335753
sgm_Cloth2_ZSAD_31_100_scaled.png 0.374251
sgm_Cloth2_SSD_27_100_scaled.png 0.368886
local_Cloth2_ZSAD_3_100_scaled.png 0.309246
local_Cloth2_BT_1_100_scaled.png 0.949195
local_Cloth2_ZSAD_15_100_scaled.png 0.277059
local_Cloth2_Census_27_100_scaled.png 0.365731
sgm_Cloth2_Census_9_100_scaled.png 0.20669
local_Cloth2_SSD_3_100_scaled.png 0.395708
local_Cloth2_SSD_25_100_scaled.png 0.370148
local_Cloth2_ZSAD_23_100_scaled.png 0.334806
sgm_Cloth2_ZSAD_15_100_scaled.png 0.242032
sgm_Cloth2_SSD_23_100_scaled.png 0.331019
sgm_Cloth2_SSD_13_100_scaled.png 0.255286
local_Cloth2_Census_23_100_scaled.png 0.334806
sgm_Cloth2_SSD_19_100_scaled.png 0.292837
sgm_Cloth2_Census_17_100_scaled.png 0.252446
local_Cloth2_Census_19_100_scaled.png 0.304197
sgm_Cloth2_SSD_11_100_scaled.png 0.246766
local_Cloth2_ZSAD_25_100_scaled.png 0.350584
local_Cloth2_Census_3_100_scaled.png 0.309246
local_Cloth2_SSD_1_100_scaled.png 0.879457
local_Baby2_SSD_11_100_scaled.png 0.13517
sgm_Baby2_Census_17_100_scaled.png 0.14855
local_Baby2_SSD_27_100_scaled.png 0.178399
sgm_Baby2_Census_15_100_scaled.png 0.13951
sgm_Baby2_Census_25_100_scaled.png 0.202519
local_Baby2_SSD_21_100_scaled.png 0.161013
local_Baby2_SSD_15_100_scaled.png 0.143627
local_Baby2_Census_5_100_scaled.png 0.154927
sgm_Baby2_SSD_5_100_scaled.png 0.229638
sgm_Baby2_Census_31_100_scaled.png 0.233554
local_Baby2_Census_21_100_scaled.png 0.149467
local_Baby2_ZSAD_27_100_scaled.png 0.165242
local_Baby2_ZSAD_23_100_scaled.png 0.15486
local_Baby2_SSD_17_100_scaled.png 0.14855
sgm_Baby2_ZSAD_11_100_scaled.png 0.118478
local_Baby2_ZSAD_31_100_scaled.png 0.178175
local_Baby2_ZSAD_29_100_scaled.png 0.171753
local_Baby2_ZSAD_9_100_scaled.png 0.114763
local_Baby2_ZSAD_1_100_scaled.png 1
sgm_Baby2_Census_5_100_scaled.png 0.112123
sgm_Baby2_SSD_13_100_scaled.png 0.144903
sgm_Baby2_SSD_9_100_scaled.png 0.144679
local_Baby2_ZSAD_33_100_scaled.png 0.183814
sgm_Baby2_ZSAD_23_100_scaled.png 0.189519
local_Baby2_SSD_5_100_scaled.png 0.23342
sgm_Baby2_SSD_19_100_scaled.png 0.1769
sgm_Baby2_Census_1_100_scaled.png 1
local_Baby2_Census_29_100_scaled.png 0.171753
sgm_Baby2_SSD_21_100_scaled.png 0.189609
sgm_Baby2_Census_29_100_scaled.png 0.225521
sgm_Baby2_ZSAD_7_100_scaled.png 0.106865
sgm_Baby2_ZSAD_21_100_scaled.png 0.176005
sgm_Baby2_Census_7_100_scaled.png 0.106865
sgm_Baby2_Census_9_100_scaled.png 0.118097
local_Baby2_Census_27_100_scaled.png 0.165242
sgm_Baby2_SSD_33_100_scaled.png 0.252707
local_Baby2_ZSAD_3_100_scaled.png 0.352121
local_Baby2_SSD_33_100_scaled.png 0.193368
sgm_Baby2_BT_1_100_scaled.png 0.124586
sgm_Baby2_SSD_25_100_scaled.png 0.217153
local_Baby2_Census_23_100_scaled.png 0.15486
sgm_Baby2_ZSAD_17_100_scaled.png 0.148572
local_Baby2_Census_15_100_scaled.png 0.129777
local_Baby2_Census_33_100_scaled.png 0.183814
local_Baby2_SSD_31_100_scaled.png 0.188423
sgm_Baby2_ZSAD_13_100_scaled.png 0.127383
sgm_Baby2_ZSAD_9_100_scaled.png 0.118097
local_Baby2_BT_1_100_scaled.png 0.887631
sgm_Baby2_Census_3_100_scaled.png 0.137407
sgm_Baby2_ZSAD_3_100_scaled.png 0.137407
local_Baby2_Census_31_100_scaled.png 0.178175
sgm_Baby2_ZSAD_31_100_scaled.png 0.233554
sgm_Baby2_Census_19_100_scaled.png 0.161304
sgm_Baby2_SSD_27_100_scaled.png 0.227759
sgm_Baby2_SSD_17_100_scaled.png 0.165869
sgm_Baby2_ZSAD_5_100_scaled.png 0.112123
local_Baby2_SSD_3_100_scaled.png 0.428623
local_Baby2_Census_25_100_scaled.png 0.159827
local_Baby2_Census_19_100_scaled.png 0.141032
local_Baby2_SSD_13_100_scaled.png 0.138973
local_Baby2_SSD_23_100_scaled.png 0.167793
sgm_Baby2_Census_23_100_scaled.png 0.189519
sgm_Baby2_Census_27_100_scaled.png 0.214065
local_Baby2_Census_13_100_scaled.png 0.12481
local_Baby2_SSD_29_100_scaled.png 0.183142
sgm_Baby2_ZSAD_29_100_scaled.png 0.225521
local_Baby2_ZSAD_15_100_scaled.png 0.129777
local_Baby2_Census_11_100_scaled.png 0.120335
local_Baby2_ZSAD_7_100_scaled.png 0.114942
sgm_Baby2_SSD_1_100_scaled.png 0.5795
local_Baby2_ZSAD_25_100_scaled.png 0.159827
sgm_Baby2_SSD_3_100_scaled.png 0.40835
sgm_Baby2_ZSAD_15_100_scaled.png 0.139533
sgm_Baby2_SSD_15_100_scaled.png 0.156583
local_Baby2_ZSAD_13_100_scaled.png 0.12481
local_Baby2_SSD_25_100_scaled.png 0.17361
local_Baby2_Census_1_100_scaled.png 1
sgm_Baby2_SSD_23_100_scaled.png 0.203616
local_Baby2_SSD_1_100_scaled.png 0.827217
sgm_Baby2_ZSAD_33_100_scaled.png 0.242728
sgm_Baby2_SSD_7_100_scaled.png 0.159514
local_Baby2_ZSAD_5_100_scaled.png 0.154927
sgm_Baby2_ZSAD_19_100_scaled.png 0.161304
local_Baby2_SSD_7_100_scaled.png 0.159201
local_Baby2_ZSAD_19_100_scaled.png 0.141032
local_Baby2_Census_7_100_scaled.png 0.114942
local_Baby2_Census_9_100_scaled.png 0.114763
sgm_Baby2_Census_21_100_scaled.png 0.176005
local_Baby2_Census_3_100_scaled.png 0.352121
sgm_Baby2_ZSAD_25_100_scaled.png 0.202631
sgm_Baby2_SSD_31_100_scaled.png 0.244071
sgm_Baby2_Census_11_100_scaled.png 0.118478
local_Baby2_ZSAD_21_100_scaled.png 0.149467
local_Baby2_Census_17_100_scaled.png 0.134812
sgm_Baby2_ZSAD_1_100_scaled.png 1
sgm_Baby2_Census_13_100_scaled.png 0.127383
local_Baby2_SSD_9_100_scaled.png 0.138101
local_Baby2_ZSAD_17_100_scaled.png 0.134812
local_Baby2_ZSAD_11_100_scaled.png 0.120335
sgm_Baby2_ZSAD_27_100_scaled.png 0.214065
sgm_Baby2_SSD_29_100_scaled.png 0.23738
sgm_Baby2_Census_33_100_scaled.png 0.242728
local_Baby2_SSD_19_100_scaled.png 0.15401
sgm_Baby2_SSD_11_100_scaled.png 0.138862
local_Rocks1_ZSAD_27_100_scaled.png 0.205002
sgm_Rocks1_SSD_33_100_scaled.png 0.251541
sgm_Rocks1_ZSAD_3_100_scaled.png 0.0698725
local_Rocks1_Census_5_100_scaled.png 0.115411
sgm_Rocks1_SSD_13_100_scaled.png 0.228014
sgm_Rocks1_SSD_7_100_scaled.png 0.247765
sgm_Rocks1_Census_33_100_scaled.png 0.209198
sgm_Rocks1_ZSAD_25_100_scaled.png 0.179409
sgm_Rocks1_Census_13_100_scaled.png 0.124996
sgm_Rocks1_ZSAD_7_100_scaled.png 0.0947878
local_Rocks1_SSD_19_100_scaled.png 0.241633
sgm_Rocks1_ZSAD_19_100_scaled.png 0.149556
sgm_Rocks1_SSD_19_100_scaled.png 0.220623
local_Rocks1_Census_13_100_scaled.png 0.145167
local_Rocks1_SSD_17_100_scaled.png 0.242085
sgm_Rocks1_Census_3_100_scaled.png 0.0698725
sgm_Rocks1_Census_15_100_scaled.png 0.135517
local_Rocks1_SSD_33_100_scaled.png 0.272325
local_Rocks1_ZSAD_31_100_scaled.png 0.221591
sgm_Rocks1_ZSAD_31_100_scaled.png 0.203873
local_Rocks1_SSD_11_100_scaled.png 0.247249
sgm_Rocks1_Census_29_100_scaled.png 0.196192
sgm_Rocks1_Census_23_100_scaled.png 0.166758
local_Rocks1_ZSAD_7_100_scaled.png 0.112119
sgm_Rocks1_SSD_1_100_scaled.png 0.365596
sgm_Rocks1_SSD_17_100_scaled.png 0.219881
sgm_Rocks1_ZSAD_23_100_scaled.png 0.166758
sgm_Rocks1_SSD_3_100_scaled.png 0.308795
local_Rocks1_SSD_25_100_scaled.png 0.248959
local_Rocks1_Census_25_100_scaled.png 0.196611
local_Rocks1_BT_1_100_scaled.png 0.902985
sgm_Rocks1_SSD_23_100_scaled.png 0.226368
sgm_Rocks1_SSD_29_100_scaled.png 0.244409
local_Rocks1_ZSAD_13_100_scaled.png 0.145167
local_Rocks1_Census_17_100_scaled.png 0.163692
local_Rocks1_ZSAD_9_100_scaled.png 0.12122
local_Rocks1_ZSAD_15_100_scaled.png 0.154655
local_Rocks1_Census_1_100_scaled.png 1
local_Rocks1_SSD_15_100_scaled.png 0.242569
local_Rocks1_SSD_3_100_scaled.png 0.330386
sgm_Rocks1_SSD_25_100_scaled.png 0.232564
sgm_Rocks1_SSD_5_100_scaled.png 0.260965
local_Rocks1_Census_29_100_scaled.png 0.213264
local_Rocks1_SSD_29_100_scaled.png 0.260287
sgm_Rocks1_ZSAD_17_100_scaled.png 0.140294
local_Rocks1_Census_23_100_scaled.png 0.1868
sgm_Rocks1_ZSAD_9_100_scaled.png 0.110021
local_Rocks1_Census_19_100_scaled.png 0.171341
local_Rocks1_ZSAD_1_100_scaled.png 1
sgm_Rocks1_ZSAD_21_100_scaled.png 0.158399
sgm_Rocks1_Census_7_100_scaled.png 0.0947878
local_Rocks1_ZSAD_19_100_scaled.png 0.171341
local_Rocks1_ZSAD_3_100_scaled.png 0.23989
sgm_Rocks1_ZSAD_1_100_scaled.png 1
local_Rocks1_ZSAD_23_100_scaled.png 0.1868
local_Rocks1_Census_21_100_scaled.png 0.17928
local_Rocks1_SSD_23_100_scaled.png 0.245925
local_Rocks1_SSD_27_100_scaled.png 0.253607
local_Rocks1_SSD_1_100_scaled.png 0.827981
sgm_Rocks1_Census_5_100_scaled.png 0.0852671
local_Rocks1_SSD_9_100_scaled.png 0.252154
local_Rocks1_ZSAD_11_100_scaled.png 0.133581
local_Rocks1_ZSAD_29_100_scaled.png 0.213264
local_Rocks1_Census_27_100_scaled.png 0.205002
sgm_Rocks1_Census_31_100_scaled.png 0.203873
local_Rocks1_Census_9_100_scaled.png 0.12122
sgm_Rocks1_BT_1_100_scaled.png 0.224657
local_Rocks1_Census_15_100_scaled.png 0.154655
local_Rocks1_SSD_7_100_scaled.png 0.256479
local_Rocks1_ZSAD_33_100_scaled.png 0.230466
local_Rocks1_Census_31_100_scaled.png 0.221591
local_Rocks1_ZSAD_17_100_scaled.png 0.163692
local_Rocks1_SSD_31_100_scaled.png 0.266936
sgm_Rocks1_ZSAD_11_100_scaled.png 0.114055
sgm_Rocks1_ZSAD_27_100_scaled.png 0.18864
local_Rocks1_SSD_21_100_scaled.png 0.24244
sgm_Rocks1_SSD_21_100_scaled.png 0.222882
local_Rocks1_ZSAD_25_100_scaled.png 0.196611
sgm_Rocks1_Census_25_100_scaled.png 0.179409
sgm_Rocks1_Census_11_100_scaled.png 0.114055
sgm_Rocks1_Census_21_100_scaled.png 0.158399
local_Rocks1_Census_11_100_scaled.png 0.133581
local_Rocks1_Census_3_100_scaled.png 0.23989
sgm_Rocks1_SSD_9_100_scaled.png 0.245506
sgm_Rocks1_Census_19_100_scaled.png 0.149556
local_Rocks1_Census_7_100_scaled.png 0.112119
sgm_Rocks1_Census_1_100_scaled.png 1
local_Rocks1_SSD_5_100_scaled.png 0.266774
local_Rocks1_Census_33_100_scaled.png 0.230434
sgm_Rocks1_ZSAD_33_100_scaled.png 0.209327
sgm_Rocks1_Census_9_100_scaled.png 0.110021
local_Rocks1_SSD_13_100_scaled.png 0.245635
sgm_Rocks1_Census_27_100_scaled.png 0.18864
sgm_Rocks1_ZSAD_13_100_scaled.png 0.124996
sgm_Rocks1_SSD_11_100_scaled.png 0.231951
sgm_Rocks1_SSD_31_100_scaled.png 0.249443
local_Rocks1_ZSAD_21_100_scaled.png 0.17928
sgm_Rocks1_Census_17_100_scaled.png 0.140294
local_Rocks1_ZSAD_5_100_scaled.png 0.115411
sgm_Rocks1_ZSAD_29_100_scaled.png 0.196192
sgm_Rocks1_SSD_27_100_scaled.png 0.237534
sgm_Rocks1_ZSAD_5_100_scaled.png 0.0852671
sgm_Rocks1_ZSAD_15_100_scaled.png 0.135517
sgm_Rocks1_SSD_15_100_scaled.png 0.224334
local_Midd2_ZSAD_3_100_scaled.png 0.832291
local_Midd2_SSD_25_100_scaled.png 0.761171
local_Midd2_ZSAD_11_100_scaled.png 0.75469
local_Midd2_Census_17_100_scaled.png 0.719643
local_Midd2_ZSAD_27_100_scaled.png 0.692711
sgm_Midd2_ZSAD_29_100_scaled.png 0.719206
local_Midd2_Census_19_100_scaled.png 0.708524
local_Midd2_ZSAD_21_100_scaled.png 0.704039
local_Midd2_ZSAD_19_100_scaled.png 0.708524
sgm_Midd2_Census_9_100_scaled.png 0.745453
local_Midd2_SSD_9_100_scaled.png 0.824993
local_Midd2_Census_33_100_scaled.png 0.689043
sgm_Midd2_ZSAD_21_100_scaled.png 0.72544
local_Midd2_Census_31_100_scaled.png 0.687066
local_Midd2_SSD_27_100_scaled.png 0.754025
local_Midd2_SSD_23_100_scaled.png 0.768184
sgm_Midd2_SSD_11_100_scaled.png 0.83231
local_Midd2_SSD_5_100_scaled.png 0.845861
local_Midd2_SSD_29_100_scaled.png 0.747239
local_Midd2_BT_1_100_scaled.png 0.912896
local_Midd2_SSD_11_100_scaled.png 0.818588
local_Midd2_SSD_15_100_scaled.png 0.809142
local_Midd2_SSD_1_100_scaled.png 0.894612
sgm_Midd2_Census_11_100_scaled.png 0.742963
local_Midd2_ZSAD_15_100_scaled.png 0.729944
sgm_Midd2_Census_27_100_scaled.png 0.720992
sgm_Midd2_Census_31_100_scaled.png 0.714739
local_Midd2_Census_7_100_scaled.png 0.790136
local_Midd2_Census_9_100_scaled.png 0.772745
local_Midd2_Census_11_100_scaled.png 0.75469
local_Midd2_Census_23_100_scaled.png 0.699211
sgm_Midd2_Census_19_100_scaled.png 0.727834
sgm_Midd2_SSD_21_100_scaled.png 0.806405
sgm_Midd2_ZSAD_25_100_scaled.png 0.724223
local_Midd2_SSD_3_100_scaled.png 0.854148
sgm_Midd2_Census_17_100_scaled.png 0.732491
sgm_Midd2_Census_25_100_scaled.png 0.724223
sgm_Midd2_Census_3_100_scaled.png 0.793443
sgm_Midd2_ZSAD_15_100_scaled.png 0.736805
local_Midd2_Census_15_100_scaled.png 0.729944
local_Midd2_ZSAD_5_100_scaled.png 0.814464
sgm_Midd2_SSD_15_100_scaled.png 0.832823
sgm_Midd2_ZSAD_3_100_scaled.png 0.793443
local_Midd2_SSD_7_100_scaled.png 0.834154
local_Midd2_ZSAD_23_100_scaled.png 0.699211
local_Midd2_ZSAD_31_100_scaled.png 0.687066
local_Midd2_Census_25_100_scaled.png 0.69598
local_Midd2_Census_3_100_scaled.png 0.832291
local_Midd2_SSD_19_100_scaled.png 0.788482
sgm_Midd2_SSD_7_100_scaled.png 0.83978
local_Midd2_SSD_17_100_scaled.png 0.800703
sgm_Midd2_Census_13_100_scaled.png 0.739504
local_Midd2_ZSAD_1_100_scaled.png 1
sgm_Midd2_SSD_1_100_scaled.png 0.827844
sgm_Midd2_ZSAD_9_100_scaled.png 0.745453
sgm_Midd2_Census_15_100_scaled.png 0.736805
local_Midd2_Census_5_100_scaled.png 0.814464
local_Midd2_ZSAD_29_100_scaled.png 0.688283
sgm_Midd2_ZSAD_11_100_scaled.png 0.742963
sgm_Midd2_ZSAD_19_100_scaled.png 0.727834
local_Midd2_ZSAD_7_100_scaled.png 0.790136
local_Midd2_ZSAD_33_100_scaled.png 0.689043
local_Midd2_SSD_13_100_scaled.png 0.815794
sgm_Midd2_ZSAD_7_100_scaled.png 0.757845
sgm_Midd2_ZSAD_31_100_scaled.png 0.714739
sgm_Midd2_Census_23_100_scaled.png 0.725592
local_Midd2_Census_29_100_scaled.png 0.688283
sgm_Midd2_SSD_31_100_scaled.png 0.766987
local_Midd2_ZSAD_13_100_scaled.png 0.74131
sgm_Midd2_ZSAD_5_100_scaled.png 0.764098
sgm_Midd2_SSD_13_100_scaled.png 0.836016
sgm_Midd2_SSD_23_100_scaled.png 0.799848
local_Midd2_Census_21_100_scaled.png 0.704039
local_Midd2_SSD_31_100_scaled.png 0.740587
local_Midd2_Census_27_100_scaled.png 0.692711
sgm_Midd2_SSD_25_100_scaled.png 0.792569
sgm_Midd2_SSD_19_100_scaled.png 0.818303
sgm_Midd2_ZSAD_13_100_scaled.png 0.739504
sgm_Midd2_ZSAD_33_100_scaled.png 0.716583
sgm_Midd2_Census_5_100_scaled.png 0.764098
sgm_Midd2_Census_29_100_scaled.png 0.719206
sgm_Midd2_BT_1_100_scaled.png 0.831626
sgm_Midd2_SSD_29_100_scaled.png 0.780329
sgm_Midd2_SSD_5_100_scaled.png 0.842193
sgm_Midd2_Census_33_100_scaled.png 0.716583
local_Midd2_Census_13_100_scaled.png 0.74131
sgm_Midd2_Census_1_100_scaled.png 1
sgm_Midd2_SSD_27_100_scaled.png 0.78394
sgm_Midd2_SSD_3_100_scaled.png 0.834819
sgm_Midd2_SSD_9_100_scaled.png 0.827274
local_Midd2_SSD_21_100_scaled.png 0.778409
local_Midd2_Census_1_100_scaled.png 1
sgm_Midd2_ZSAD_23_100_scaled.png 0.725592
local_Midd2_SSD_33_100_scaled.png 0.734847
sgm_Midd2_ZSAD_17_100_scaled.png 0.732491
sgm_Midd2_Census_21_100_scaled.png 0.72544
local_Midd2_ZSAD_9_100_scaled.png 0.772745
sgm_Midd2_SSD_33_100_scaled.png 0.765048
sgm_Midd2_SSD_17_100_scaled.png 0.828395
local_Midd2_ZSAD_17_100_scaled.png 0.719643
sgm_Midd2_ZSAD_27_100_scaled.png 0.720992
local_Midd2_ZSAD_25_100_scaled.png 0.69598
sgm_Midd2_Census_7_100_scaled.png 0.757845
sgm_Midd2_ZSAD_1_100_scaled.png 1
sgm_Baby1_SSD_21_100_scaled.png 0.233887
sgm_Baby1_ZSAD_17_100_scaled.png 0.206467
local_Baby1_Census_13_100_scaled.png 0.206907
sgm_Baby1_SSD_33_100_scaled.png 0.318349
local_Baby1_Census_3_100_scaled.png 0.351583
sgm_Baby1_ZSAD_19_100_scaled.png 0.226367
local_Baby1_SSD_23_100_scaled.png 0.275944
local_Baby1_ZSAD_19_100_scaled.png 0.250174
sgm_Baby1_ZSAD_23_100_scaled.png 0.25133
local_Baby1_ZSAD_11_100_scaled.png 0.190492
sgm_Baby1_SSD_9_100_scaled.png 0.188676
sgm_Baby1_SSD_29_100_scaled.png 0.29511
sgm_Baby1_Census_11_100_scaled.png 0.157239
sgm_Baby1_SSD_3_100_scaled.png 0.397601
sgm_Baby1_ZSAD_1_100_scaled.png 1
sgm_Baby1_SSD_13_100_scaled.png 0.181541
sgm_Baby1_ZSAD_11_100_scaled.png 0.157239
sgm_Baby1_Census_9_100_scaled.png 0.161311
local_Baby1_Census_19_100_scaled.png 0.250174
local_Baby1_ZSAD_7_100_scaled.png 0.167584
local_Baby1_Census_23_100_scaled.png 0.277154
sgm_Baby1_Census_21_100_scaled.png 0.23585
sgm_Baby1_BT_1_100_scaled.png 0.17072
sgm_Baby1_SSD_19_100_scaled.png 0.223341
sgm_Baby1_SSD_5_100_scaled.png 0.26072
local_Baby1_Census_21_100_scaled.png 0.263618
local_Baby1_Census_25_100_scaled.png 0.291534
sgm_Baby1_Census_15_100_scaled.png 0.194454
local_Baby1_Census_31_100_scaled.png 0.335021
local_Baby1_SSD_5_100_scaled.png 0.275082
local_Baby1_SSD_13_100_scaled.png 0.212208
local_Baby1_SSD_7_100_scaled.png 0.21727
sgm_Baby1_Census_29_100_scaled.png 0.29522
sgm_Baby1_ZSAD_13_100_scaled.png 0.175782
local_Baby1_Census_9_100_scaled.png 0.176039
local_Baby1_ZSAD_5_100_scaled.png 0.193903
sgm_Baby1_SSD_15_100_scaled.png 0.197682
sgm_Baby1_ZSAD_15_100_scaled.png 0.194454
sgm_Baby1_SSD_17_100_scaled.png 0.205128
local_Baby1_SSD_17_100_scaled.png 0.235061
sgm_Baby1_ZSAD_9_100_scaled.png 0.161311
sgm_Baby1_ZSAD_31_100_scaled.png 0.30927
local_Baby1_SSD_15_100_scaled.png 0.222919
sgm_Baby1_ZSAD_29_100_scaled.png 0.29522
sgm_Baby1_Census_19_100_scaled.png 0.226367
sgm_Baby1_Census_25_100_scaled.png 0.269469
sgm_Baby1_SSD_31_100_scaled.png 0.308224
local_Baby1_SSD_3_100_scaled.png 0.435017
local_Baby1_ZSAD_15_100_scaled.png 0.220865
local_Baby1_ZSAD_31_100_scaled.png 0.335021
local_Baby1_SSD_9_100_scaled.png 0.201588
local_Baby1_SSD_33_100_scaled.png 0.347328
local_Baby1_Census_17_100_scaled.png 0.235556
local_Baby1_ZSAD_29_100_scaled.png 0.320586
local_Baby1_SSD_21_100_scaled.png 0.262078
local_Baby1_Census_15_100_scaled.png 0.220865
sgm_Baby1_ZSAD_25_100_scaled.png 0.269469
local_Baby1_Census_29_100_scaled.png 0.320586
sgm_Baby1_SSD_1_100_scaled.png 0.50741
local_Baby1_ZSAD_13_100_scaled.png 0.206907
local_Baby1_SSD_19_100_scaled.png 0.248395
sgm_Baby1_SSD_25_100_scaled.png 0.268479
sgm_Baby1_Census_33_100_scaled.png 0.319431
local_Baby1_ZSAD_9_100_scaled.png 0.176039
sgm_Baby1_SSD_11_100_scaled.png 0.175544
local_Baby1_ZSAD_23_100_scaled.png 0.277154
sgm_Baby1_ZSAD_27_100_scaled.png 0.282748
sgm_Baby1_Census_27_100_scaled.png 0.282748
local_Baby1_SSD_25_100_scaled.png 0.290782
sgm_Baby1_Census_31_100_scaled.png 0.30927
sgm_Baby1_Census_13_100_scaled.png 0.175782
local_Baby1_ZSAD_25_100_scaled.png 0.291534
local_Baby1_ZSAD_3_100_scaled.png 0.351583
sgm_Baby1_Census_5_100_scaled.png 0.144731
local_Baby1_Census_11_100_scaled.png 0.190492
sgm_Baby1_Census_7_100_scaled.png 0.144052
local_Baby1_Census_33_100_scaled.png 0.349143
sgm_Baby1_SSD_7_100_scaled.png 0.200304
local_Baby1_SSD_1_100_scaled.png 0.832178
local_Baby1_Census_5_100_scaled.png 0.193903
sgm_Baby1_ZSAD_33_100_scaled.png 0.319431
local_Baby1_Census_27_100_scaled.png 0.30562
sgm_Baby1_ZSAD_21_100_scaled.png 0.23585
local_Baby1_ZSAD_27_100_scaled.png 0.30562
local_Baby1_Census_7_100_scaled.png 0.167584
local_Baby1_ZSAD_33_100_scaled.png 0.349143
local_Baby1_ZSAD_17_100_scaled.png 0.235556
sgm_Baby1_Census_23_100_scaled.png 0.251366
sgm_Baby1_SSD_23_100_scaled.png 0.250229
local_Baby1_SSD_27_100_scaled.png 0.3054
local_Baby1_BT_1_100_scaled.png 0.901508
local_Baby1_ZSAD_1_100_scaled.png 1
sgm_Baby1_Census_17_100_scaled.png 0.206467
local_Baby1_SSD_11_100_scaled.png 0.204174
local_Baby1_SSD_31_100_scaled.png 0.333755
local_Baby1_SSD_29_100_scaled.png 0.320054
sgm_Baby1_SSD_27_100_scaled.png 0.282657
sgm_Baby1_ZSAD_5_100_scaled.png 0.144731
local_Baby1_Census_1_100_scaled.png 1
sgm_Baby1_Census_1_100_scaled.png 1
sgm_Baby1_ZSAD_3_100_scaled.png 0.152452
sgm_Baby1_Census_3_100_scaled.png 0.152452
sgm_Baby1_ZSAD_7_100_scaled.png 0.144052
local_Baby1_ZSAD_21_100_scaled.png 0.263618
local_Aloe_SSD_11_100_scaled.png 0.133924
sgm_Aloe_SSD_9_100_scaled.png 0.124872
sgm_Aloe_Census_13_100_scaled.png 0.131877
sgm_Aloe_SSD_17_100_scaled.png 0.176049
local_Aloe_ZSAD_23_100_scaled.png 0.162743
sgm_Aloe_Census_11_100_scaled.png 0.115724
sgm_Aloe_SSD_27_100_scaled.png 0.239061
local_Aloe_Census_13_100_scaled.png 0.131653
local_Aloe_SSD_31_100_scaled.png 0.185037
sgm_Aloe_Census_15_100_scaled.png 0.155035
sgm_Aloe_ZSAD_19_100_scaled.png 0.183822
sgm_Aloe_SSD_7_100_scaled.png 0.108431
sgm_Aloe_SSD_5_100_scaled.png 0.10261
sgm_Aloe_Census_1_100_scaled.png 1
local_Aloe_Census_33_100_scaled.png 0.171475
sgm_Aloe_ZSAD_17_100_scaled.png 0.164886
local_Aloe_SSD_13_100_scaled.png 0.142592
sgm_Aloe_SSD_1_100_scaled.png 0.367899
local_Aloe_Census_23_100_scaled.png 0.162743
sgm_Aloe_SSD_11_100_scaled.png 0.127015
sgm_Aloe_ZSAD_13_100_scaled.png 0.131877
local_Aloe_ZSAD_7_100_scaled.png 0.104177
sgm_Aloe_BT_1_100_scaled.png 0.091543
sgm_Aloe_SSD_21_100_scaled.png 0.20506
local_Aloe_SSD_29_100_scaled.png 0.182926
sgm_Aloe_ZSAD_25_100_scaled.png 0.220413
sgm_Aloe_ZSAD_21_100_scaled.png 0.194601
local_Aloe_BT_1_100_scaled.png 0.87967
local_Aloe_SSD_7_100_scaled.png 0.114285
local_Aloe_ZSAD_9_100_scaled.png 0.114413
local_Aloe_SSD_27_100_scaled.png 0.180495
local_Aloe_Census_25_100_scaled.png 0.166102
local_Aloe_SSD_23_100_scaled.png 0.17333
local_Aloe_ZSAD_1_100_scaled.png 1
local_Aloe_ZSAD_31_100_scaled.png 0.171315
sgm_Aloe_Census_7_100_scaled.png 0.0970765
sgm_Aloe_ZSAD_29_100_scaled.png 0.234327
local_Aloe_Census_11_100_scaled.png 0.123241
sgm_Aloe_ZSAD_27_100_scaled.png 0.227546
sgm_Aloe_ZSAD_33_100_scaled.png 0.242963
local_Aloe_ZSAD_13_100_scaled.png 0.131653
sgm_Aloe_ZSAD_1_100_scaled.png 1
sgm_Aloe_Census_17_100_scaled.png 0.164886
sgm_Aloe_SSD_31_100_scaled.png 0.25387
sgm_Aloe_ZSAD_7_100_scaled.png 0.0970765
local_Aloe_ZSAD_3_100_scaled.png 0.170835
local_Aloe_Census_21_100_scaled.png 0.159001
sgm_Aloe_Census_23_100_scaled.png 0.206499
sgm_Aloe_ZSAD_9_100_scaled.png 0.114701
sgm_Aloe_Census_25_100_scaled.png 0.220349
local_Aloe_SSD_33_100_scaled.png 0.1875
sgm_Aloe_Census_31_100_scaled.png 0.239573
sgm_Aloe_Census_33_100_scaled.png 0.242899
local_Aloe_ZSAD_27_100_scaled.png 0.16898
sgm_Aloe_SSD_25_100_scaled.png 0.2318
sgm_Aloe_SSD_19_100_scaled.png 0.193129
local_Aloe_SSD_19_100_scaled.png 0.162071
sgm_Aloe_Census_5_100_scaled.png 0.0922787
sgm_Aloe_SSD_23_100_scaled.png 0.217439
local_Aloe_SSD_3_100_scaled.png 0.133732
sgm_Aloe_ZSAD_23_100_scaled.png 0.206499
local_Aloe_Census_3_100_scaled.png 0.170803
local_Aloe_ZSAD_15_100_scaled.png 0.140801
local_Aloe_ZSAD_33_100_scaled.png 0.171475
local_Aloe_ZSAD_5_100_scaled.png 0.100915
local_Aloe_ZSAD_19_100_scaled.png 0.152732
local_Aloe_SSD_1_100_scaled.png 0.779619
local_Aloe_Census_5_100_scaled.png 0.100915
sgm_Aloe_SSD_13_100_scaled.png 0.143104
local_Aloe_Census_31_100_scaled.png 0.171315
local_Aloe_SSD_17_100_scaled.png 0.158041
sgm_Aloe_ZSAD_5_100_scaled.png 0.0922787
sgm_Aloe_Census_3_100_scaled.png 0.100755
local_Aloe_Census_29_100_scaled.png 0.170548
sgm_Aloe_Census_21_100_scaled.png 0.194601
local_Aloe_ZSAD_25_100_scaled.png 0.166102
local_Aloe_Census_7_100_scaled.png 0.104177
sgm_Aloe_SSD_29_100_scaled.png 0.246961
local_Aloe_Census_17_100_scaled.png 0.147806
sgm_Aloe_ZSAD_3_100_scaled.png 0.100787
sgm_Aloe_ZSAD_11_100_scaled.png 0.115756
local_Aloe_ZSAD_17_100_scaled.png 0.147806
local_Aloe_Census_9_100_scaled.png 0.114413
local_Aloe_Census_27_100_scaled.png 0.16898
local_Aloe_ZSAD_29_100_scaled.png 0.170548
sgm_Aloe_SSD_33_100_scaled.png 0.260363
local_Aloe_Census_1_100_scaled.png 1
sgm_Aloe_Census_27_100_scaled.png 0.227514
sgm_Aloe_SSD_15_100_scaled.png 0.164982
local_Aloe_Census_15_100_scaled.png 0.140801
sgm_Aloe_SSD_3_100_scaled.png 0.128774
local_Aloe_SSD_25_100_scaled.png 0.177712
sgm_Aloe_Census_29_100_scaled.png 0.234423
sgm_Aloe_ZSAD_31_100_scaled.png 0.239573
sgm_Aloe_Census_19_100_scaled.png 0.183822
local_Aloe_SSD_21_100_scaled.png 0.168628
local_Aloe_ZSAD_21_100_scaled.png 0.159001
local_Aloe_Census_19_100_scaled.png 0.152732
local_Aloe_SSD_15_100_scaled.png 0.15126
sgm_Aloe_Census_9_100_scaled.png 0.114701
local_Aloe_SSD_9_100_scaled.png 0.124168
local_Aloe_SSD_5_100_scaled.png 0.106992
local_Aloe_ZSAD_11_100_scaled.png 0.123241
sgm_Aloe_ZSAD_15_100_scaled.png 0.155035
sgm_Baby3_Census_19_100_scaled.png 0.265566
local_Baby3_SSD_33_100_scaled.png 0.492588
local_Baby3_ZSAD_9_100_scaled.png 0.196794
local_Baby3_Census_1_100_scaled.png 1
local_Baby3_ZSAD_1_100_scaled.png 1
local_Baby3_SSD_19_100_scaled.png 0.375196
sgm_Baby3_ZSAD_11_100_scaled.png 0.154755
sgm_Baby3_SSD_21_100_scaled.png 0.356828
sgm_Baby3_ZSAD_25_100_scaled.png 0.346125
local_Baby3_Census_33_100_scaled.png 0.467133
sgm_Baby3_Census_29_100_scaled.png 0.390695
sgm_Baby3_ZSAD_29_100_scaled.png 0.390695
local_Baby3_SSD_5_100_scaled.png 0.386573
local_Baby3_ZSAD_7_100_scaled.png 0.182066
sgm_Baby3_ZSAD_17_100_scaled.png 0.233627
local_Baby3_Census_19_100_scaled.png 0.316934
sgm_Baby3_SSD_23_100_scaled.png 0.372424
sgm_Baby3_SSD_17_100_scaled.png 0.327636
sgm_Baby3_SSD_1_100_scaled.png 0.603616
sgm_Baby3_Census_9_100_scaled.png 0.160829
sgm_Baby3_ZSAD_15_100_scaled.png 0.210944
sgm_Baby3_SSD_13_100_scaled.png 0.301603
local_Baby3_SSD_27_100_scaled.png 0.439388
local_Baby3_Census_11_100_scaled.png 0.217042
sgm_Baby3_ZSAD_13_100_scaled.png 0.179149
local_Baby3_Census_7_100_scaled.png 0.182066
sgm_Baby3_ZSAD_5_100_scaled.png 0.123442
local_Baby3_Census_29_100_scaled.png 0.430758
sgm_Baby3_SSD_3_100_scaled.png 0.496686
sgm_Baby3_SSD_7_100_scaled.png 0.313101
local_Baby3_SSD_9_100_scaled.png 0.324214
local_Baby3_SSD_1_100_scaled.png 0.890346
local_Baby3_Census_21_100_scaled.png 0.341015
sgm_Baby3_ZSAD_9_100_scaled.png 0.160853
local_Baby3_Census_25_100_scaled.png 0.386983
local_Baby3_ZSAD_27_100_scaled.png 0.410028
sgm_Baby3_ZSAD_33_100_scaled.png 0.422755
sgm_Baby3_SSD_33_100_scaled.png 0.450789
sgm_Baby3_SSD_5_100_scaled.png 0.369483
local_Baby3_Census_3_100_scaled.png 0.413957
local_Baby3_ZSAD_13_100_scaled.png 0.242112
local_Baby3_Census_13_100_scaled.png 0.242112
local_Baby3_Census_17_100_scaled.png 0.293407
sgm_Baby3_ZSAD_31_100_scaled.png 0.4047
local_Baby3_SSD_17_100_scaled.png 0.361094
sgm_Baby3_Census_15_100_scaled.png 0.210944
local_Baby3_BT_1_100_scaled.png 0.952127
sgm_Baby3_SSD_19_100_scaled.png 0.34586
local_Baby3_SSD_3_100_scaled.png 0.527998
sgm_Baby3_Census_3_100_scaled.png 0.126118
local_Baby3_ZSAD_31_100_scaled.png 0.449536
sgm_Baby3_ZSAD_7_100_scaled.png 0.129758
local_Baby3_ZSAD_17_100_scaled.png 0.293407
local_Baby3_Census_23_100_scaled.png 0.364975
sgm_Baby3_Census_25_100_scaled.png 0.346125
sgm_Baby3_Census_13_100_scaled.png 0.179173
local_Baby3_ZSAD_19_100_scaled.png 0.316934
sgm_Baby3_Census_7_100_scaled.png 0.129758
local_Baby3_SSD_7_100_scaled.png 0.335205
sgm_Baby3_ZSAD_27_100_scaled.png 0.36659
sgm_Baby3_Census_1_100_scaled.png 1
sgm_Baby3_Census_27_100_scaled.png 0.36659
sgm_Baby3_ZSAD_1_100_scaled.png 1
local_Baby3_SSD_15_100_scaled.png 0.347162
sgm_Baby3_SSD_15_100_scaled.png 0.316524
sgm_Baby3_SSD_29_100_scaled.png 0.424081
sgm_Baby3_SSD_9_100_scaled.png 0.307123
sgm_Baby3_Census_23_100_scaled.png 0.315295
local_Baby3_ZSAD_29_100_scaled.png 0.430758
local_Baby3_Census_5_100_scaled.png 0.21427
local_Baby3_SSD_11_100_scaled.png 0.326624
local_Baby3_Census_31_100_scaled.png 0.449536
local_Baby3_ZSAD_33_100_scaled.png 0.467133
sgm_Baby3_SSD_31_100_scaled.png 0.435531
sgm_Baby3_SSD_11_100_scaled.png 0.291599
local_Baby3_SSD_31_100_scaled.png 0.474581
local_Baby3_ZSAD_15_100_scaled.png 0.267735
sgm_Baby3_ZSAD_23_100_scaled.png 0.315295
local_Baby3_ZSAD_3_100_scaled.png 0.413957
local_Baby3_Census_9_100_scaled.png 0.196794
local_Baby3_SSD_13_100_scaled.png 0.33523
sgm_Baby3_SSD_25_100_scaled.png 0.390454
local_Baby3_SSD_21_100_scaled.png 0.390165
sgm_Baby3_Census_31_100_scaled.png 0.4047
local_Baby3_ZSAD_21_100_scaled.png 0.341015
sgm_Baby3_Census_33_100_scaled.png 0.422755
sgm_Baby3_Census_5_100_scaled.png 0.123442
local_Baby3_Census_15_100_scaled.png 0.267735
local_Baby3_ZSAD_25_100_scaled.png 0.386983
sgm_Baby3_SSD_27_100_scaled.png 0.406629
sgm_Baby3_ZSAD_3_100_scaled.png 0.126118
local_Baby3_ZSAD_23_100_scaled.png 0.364975
local_Baby3_Census_27_100_scaled.png 0.410028
sgm_Baby3_Census_11_100_scaled.png 0.154755
sgm_Baby3_ZSAD_19_100_scaled.png 0.265566
local_Baby3_SSD_29_100_scaled.png 0.456984
sgm_Baby3_Census_21_100_scaled.png 0.287309
local_Baby3_SSD_23_100_scaled.png 0.404845
sgm_Baby3_ZSAD_21_100_scaled.png 0.287309
local_Baby3_ZSAD_5_100_scaled.png 0.21427
sgm_Baby3_BT_1_100_scaled.png 0.286802
local_Baby3_ZSAD_11_100_scaled.png 0.217042
sgm_Baby3_Census_17_100_scaled.png 0.233627
local_Baby3_SSD_25_100_scaled.png 0.420923
sgm_Plastic_Census_17_100_scaled.png 0.532111
sgm_Plastic_ZSAD_29_100_scaled.png 0.622954
sgm_Plastic_Census_25_100_scaled.png 0.596694
local_Plastic_Census_11_100_scaled.png 0.53388
local_Plastic_SSD_21_100_scaled.png 0.6579
local_Plastic_Census_29_100_scaled.png 0.637391
sgm_Plastic_ZSAD_17_100_scaled.png 0.532111
sgm_Plastic_ZSAD_15_100_scaled.png 0.515985
sgm_Plastic_SSD_25_100_scaled.png 0.657538
sgm_Plastic_SSD_7_100_scaled.png 0.685728
sgm_Plastic_Census_3_100_scaled.png 0.42848
local_Plastic_SSD_3_100_scaled.png 0.769051
local_Plastic_Census_7_100_scaled.png 0.559456
local_Plastic_ZSAD_29_100_scaled.png 0.637391
local_Plastic_ZSAD_21_100_scaled.png 0.58081
local_Plastic_ZSAD_23_100_scaled.png 0.595488
sgm_Plastic_ZSAD_11_100_scaled.png 0.494873
sgm_Plastic_ZSAD_1_100_scaled.png 1
sgm_Plastic_SSD_27_100_scaled.png 0.661761
sgm_Plastic_SSD_3_100_scaled.png 0.736639
sgm_Plastic_Census_33_100_scaled.png 0.64471
local_Plastic_ZSAD_17_100_scaled.png 0.551011
local_Plastic_Census_21_100_scaled.png 0.58081
local_Plastic_ZSAD_11_100_scaled.png 0.53388
sgm_Plastic_SSD_1_100_scaled.png 0.717296
sgm_Plastic_SSD_19_100_scaled.png 0.641211
sgm_Plastic_ZSAD_21_100_scaled.png 0.566655
sgm_Plastic_SSD_11_100_scaled.png 0.653597
sgm_Plastic_Census_29_100_scaled.png 0.622954
local_Plastic_SSD_15_100_scaled.png 0.650139
local_Plastic_SSD_31_100_scaled.png 0.689066
sgm_Plastic_ZSAD_23_100_scaled.png 0.58077
local_Plastic_ZSAD_25_100_scaled.png 0.609322
local_Plastic_Census_13_100_scaled.png 0.53195
local_Plastic_ZSAD_19_100_scaled.png 0.562874
sgm_Plastic_SSD_15_100_scaled.png 0.637431
sgm_Plastic_Census_11_100_scaled.png 0.494873
sgm_Plastic_Census_27_100_scaled.png 0.611413
local_Plastic_Census_25_100_scaled.png 0.609322
sgm_Plastic_SSD_29_100_scaled.png 0.670648
sgm_Plastic_ZSAD_33_100_scaled.png 0.64471
sgm_Plastic_Census_31_100_scaled.png 0.631479
local_Plastic_Census_33_100_scaled.png 0.662484
sgm_Plastic_Census_1_100_scaled.png 1
local_Plastic_ZSAD_33_100_scaled.png 0.662484
sgm_Plastic_ZSAD_19_100_scaled.png 0.546829
sgm_Plastic_Census_7_100_scaled.png 0.488881
local_Plastic_Census_3_100_scaled.png 0.718543
local_Plastic_SSD_11_100_scaled.png 0.664937
local_Plastic_SSD_1_100_scaled.png 0.906784
sgm_Plastic_SSD_9_100_scaled.png 0.673101
local_Plastic_ZSAD_1_100_scaled.png 1
local_Plastic_SSD_27_100_scaled.png 0.670165
local_Plastic_ZSAD_3_100_scaled.png 0.718543
sgm_Plastic_ZSAD_27_100_scaled.png 0.611413
local_Plastic_Census_23_100_scaled.png 0.595488
local_Plastic_ZSAD_9_100_scaled.png 0.538062
local_Plastic_SSD_25_100_scaled.png 0.665098
sgm_Plastic_Census_21_100_scaled.png 0.566655
local_Plastic_Census_15_100_scaled.png 0.538987
sgm_Plastic_SSD_33_100_scaled.png 0.692203
sgm_Plastic_SSD_13_100_scaled.png 0.645554
sgm_Plastic_ZSAD_5_100_scaled.png 0.46608
local_Plastic_Census_27_100_scaled.png 0.625246
sgm_Plastic_Census_13_100_scaled.png 0.501669
local_Plastic_Census_19_100_scaled.png 0.562874
local_Plastic_Census_17_100_scaled.png 0.551011
sgm_Plastic_SSD_21_100_scaled.png 0.648691
sgm_Plastic_Census_15_100_scaled.png 0.515985
local_Plastic_Census_9_100_scaled.png 0.538062
local_Plastic_SSD_5_100_scaled.png 0.724856
sgm_Plastic_SSD_31_100_scaled.png 0.679254
local_Plastic_SSD_17_100_scaled.png 0.64849
local_Plastic_SSD_9_100_scaled.png 0.678731
sgm_Plastic_ZSAD_7_100_scaled.png 0.488881
sgm_Plastic_ZSAD_13_100_scaled.png 0.501669
sgm_Plastic_Census_23_100_scaled.png 0.58077
sgm_Plastic_ZSAD_3_100_scaled.png 0.42848
sgm_Plastic_Census_9_100_scaled.png 0.500422
local_Plastic_SSD_29_100_scaled.png 0.67849
local_Plastic_SSD_33_100_scaled.png 0.701009
sgm_Plastic_Census_5_100_scaled.png 0.46608
sgm_Plastic_ZSAD_31_100_scaled.png 0.631479
local_Plastic_ZSAD_31_100_scaled.png 0.650099
local_Plastic_SSD_19_100_scaled.png 0.652431
local_Plastic_SSD_7_100_scaled.png 0.695621
sgm_Plastic_SSD_5_100_scaled.png 0.711063
sgm_Plastic_BT_1_100_scaled.png 0.654281
local_Plastic_ZSAD_27_100_scaled.png 0.625246
sgm_Plastic_ZSAD_25_100_scaled.png 0.596694
local_Plastic_ZSAD_7_100_scaled.png 0.559456
local_Plastic_Census_31_100_scaled.png 0.650099
sgm_Plastic_SSD_17_100_scaled.png 0.637592
local_Plastic_Census_5_100_scaled.png 0.606386
local_Plastic_SSD_13_100_scaled.png 0.65605
sgm_Plastic_Census_19_100_scaled.png 0.546829
local_Plastic_BT_1_100_scaled.png 0.948245
sgm_Plastic_ZSAD_9_100_scaled.png 0.500422
local_Plastic_ZSAD_5_100_scaled.png 0.606386
sgm_Plastic_SSD_23_100_scaled.png 0.651023
local_Plastic_ZSAD_13_100_scaled.png 0.53195
local_Plastic_SSD_23_100_scaled.png 0.659428
local_Plastic_Census_1_100_scaled.png 1
local_Plastic_ZSAD_15_100_scaled.png 0.538987
local_Lampshade2_Census_1_100_scaled.png 1
local_Lampshade2_Census_17_100_scaled.png 0.384682
sgm_Lampshade2_Census_13_100_scaled.png 0.369403
local_Lampshade2_ZSAD_25_100_scaled.png 0.41485
sgm_Lampshade2_ZSAD_11_100_scaled.png 0.358362
sgm_Lampshade2_ZSAD_27_100_scaled.png 0.473624
sgm_Lampshade2_Census_15_100_scaled.png 0.385602
sgm_Lampshade2_SSD_3_100_scaled.png 0.676936
local_Lampshade2_SSD_21_100_scaled.png 0.539201
sgm_Lampshade2_Census_3_100_scaled.png 0.248118
local_Lampshade2_Census_3_100_scaled.png 0.686583
local_Lampshade2_ZSAD_21_100_scaled.png 0.394385
sgm_Lampshade2_ZSAD_9_100_scaled.png 0.354152
sgm_Lampshade2_ZSAD_3_100_scaled.png 0.248118
sgm_Lampshade2_Census_25_100_scaled.png 0.459042
sgm_Lampshade2_Census_9_100_scaled.png 0.354152
sgm_Lampshade2_ZSAD_31_100_scaled.png 0.50605
sgm_Lampshade2_ZSAD_29_100_scaled.png 0.490186
sgm_Lampshade2_SSD_19_100_scaled.png 0.564574
local_Lampshade2_ZSAD_33_100_scaled.png 0.464367
local_Lampshade2_BT_1_100_scaled.png 0.885658
local_Lampshade2_Census_23_100_scaled.png 0.40629
sgm_Lampshade2_SSD_29_100_scaled.png 0.617047
sgm_Lampshade2_ZSAD_21_100_scaled.png 0.423828
local_Lampshade2_Census_13_100_scaled.png 0.372804
sgm_Lampshade2_ZSAD_1_100_scaled.png 1
sgm_Lampshade2_SSD_33_100_scaled.png 0.634473
sgm_Lampshade2_SSD_27_100_scaled.png 0.606982
local_Lampshade2_ZSAD_13_100_scaled.png 0.372804
sgm_Lampshade2_ZSAD_5_100_scaled.png 0.310378
local_Lampshade2_SSD_17_100_scaled.png 0.535744
local_Lampshade2_ZSAD_19_100_scaled.png 0.389728
local_Lampshade2_ZSAD_31_100_scaled.png 0.450873
local_Lampshade2_SSD_25_100_scaled.png 0.547733
sgm_Lampshade2_Census_1_100_scaled.png 1
sgm_Lampshade2_Census_19_100_scaled.png 0.411309
local_Lampshade2_ZSAD_11_100_scaled.png 0.375648
sgm_Lampshade2_SSD_15_100_scaled.png 0.555624
local_Lampshade2_Census_27_100_scaled.png 0.4255
sgm_Lampshade2_ZSAD_23_100_scaled.png 0.442174
sgm_Lampshade2_ZSAD_15_100_scaled.png 0.385602
sgm_Lampshade2_Census_27_100_scaled.png 0.473624
local_Lampshade2_Census_31_100_scaled.png 0.450873
sgm_Lampshade2_ZSAD_25_100_scaled.png 0.459042
local_Lampshade2_ZSAD_7_100_scaled.png 0.423103
local_Lampshade2_SSD_19_100_scaled.png 0.535967
local_Lampshade2_ZSAD_27_100_scaled.png 0.4255
sgm_Lampshade2_ZSAD_17_100_scaled.png 0.397006
sgm_Lampshade2_Census_31_100_scaled.png 0.50605
local_Lampshade2_Census_5_100_scaled.png 0.498829
local_Lampshade2_SSD_5_100_scaled.png 0.668711
sgm_Lampshade2_SSD_23_100_scaled.png 0.583673
local_Lampshade2_SSD_23_100_scaled.png 0.543049
local_Lampshade2_Census_11_100_scaled.png 0.375648
sgm_Lampshade2_ZSAD_19_100_scaled.png 0.411309
local_Lampshade2_Census_29_100_scaled.png 0.438605
local_Lampshade2_Census_33_100_scaled.png 0.464367
sgm_Lampshade2_Census_17_100_scaled.png 0.397006
sgm_Lampshade2_ZSAD_13_100_scaled.png 0.369403
local_Lampshade2_ZSAD_23_100_scaled.png 0.40629
sgm_Lampshade2_Census_29_100_scaled.png 0.490186
local_Lampshade2_Census_25_100_scaled.png 0.41485
local_Lampshade2_SSD_15_100_scaled.png 0.539592
sgm_Lampshade2_SSD_7_100_scaled.png 0.612558
sgm_Lampshade2_Census_21_100_scaled.png 0.423828
local_Lampshade2_SSD_7_100_scaled.png 0.618692
local_Lampshade2_SSD_29_100_scaled.png 0.562483
sgm_Lampshade2_SSD_5_100_scaled.png 0.649417
sgm_Lampshade2_ZSAD_7_100_scaled.png 0.341187
local_Lampshade2_SSD_27_100_scaled.png 0.554899
local_Lampshade2_Census_15_100_scaled.png 0.377461
local_Lampshade2_ZSAD_15_100_scaled.png 0.377461
sgm_Lampshade2_Census_7_100_scaled.png 0.341187
sgm_Lampshade2_SSD_11_100_scaled.png 0.574974
sgm_Lampshade2_SSD_25_100_scaled.png 0.595801
local_Lampshade2_Census_9_100_scaled.png 0.389338
sgm_Lampshade2_SSD_17_100_scaled.png 0.556488
local_Lampshade2_SSD_1_100_scaled.png 0.867089
sgm_Lampshade2_Census_5_100_scaled.png 0.310378
local_Lampshade2_SSD_33_100_scaled.png 0.57857
local_Lampshade2_SSD_31_100_scaled.png 0.570011
sgm_Lampshade2_Census_33_100_scaled.png 0.518151
local_Lampshade2_SSD_11_100_scaled.png 0.568421
sgm_Lampshade2_ZSAD_33_100_scaled.png 0.518151
local_Lampshade2_Census_7_100_scaled.png 0.423103
local_Lampshade2_ZSAD_3_100_scaled.png 0.686583
local_Lampshade2_ZSAD_17_100_scaled.png 0.384682
sgm_Lampshade2_SSD_31_100_scaled.png 0.627168
local_Lampshade2_ZSAD_9_100_scaled.png 0.389338
local_Lampshade2_ZSAD_1_100_scaled.png 1
local_Lampshade2_SSD_13_100_scaled.png 0.553951
sgm_Lampshade2_Census_23_100_scaled.png 0.442174
sgm_Lampshade2_SSD_1_100_scaled.png 0.568617
local_Lampshade2_Census_19_100_scaled.png 0.389728
local_Lampshade2_Census_21_100_scaled.png 0.394385
local_Lampshade2_SSD_9_100_scaled.png 0.584397
sgm_Lampshade2_SSD_9_100_scaled.png 0.589249
local_Lampshade2_ZSAD_29_100_scaled.png 0.438605
sgm_Lampshade2_SSD_21_100_scaled.png 0.573105
local_Lampshade2_ZSAD_5_100_scaled.png 0.498829
sgm_Lampshade2_Census_11_100_scaled.png 0.358362
sgm_Lampshade2_SSD_13_100_scaled.png 0.563235
sgm_Lampshade2_BT_1_100_scaled.png 0.515948
local_Lampshade2_SSD_3_100_scaled.png 0.743016
sgm_Midd1_ZSAD_7_100_scaled.png 0.791953
local_Midd1_ZSAD_5_100_scaled.png 0.854362
sgm_Midd1_SSD_9_100_scaled.png 0.830744
local_Midd1_ZSAD_19_100_scaled.png 0.767596
sgm_Midd1_Census_27_100_scaled.png 0.713559
sgm_Midd1_Census_3_100_scaled.png 0.818277
sgm_Midd1_SSD_31_100_scaled.png 0.846243
sgm_Midd1_Census_23_100_scaled.png 0.727145
sgm_Midd1_SSD_29_100_scaled.png 0.844565
sgm_Midd1_SSD_3_100_scaled.png 0.825927
local_Midd1_ZSAD_7_100_scaled.png 0.837077
local_Midd1_SSD_3_100_scaled.png 0.871177
local_Midd1_Census_15_100_scaled.png 0.793144
sgm_Midd1_ZSAD_33_100_scaled.png 0.714804
sgm_Midd1_ZSAD_29_100_scaled.png 0.713559
local_Midd1_SSD_21_100_scaled.png 0.836265
local_Midd1_ZSAD_3_100_scaled.png 0.884871
sgm_Midd1_Census_17_100_scaled.png 0.754479
sgm_Midd1_SSD_13_100_scaled.png 0.829301
local_Midd1_Census_25_100_scaled.png 0.733153
local_Midd1_SSD_13_100_scaled.png 0.838466
local_Midd1_ZSAD_25_100_scaled.png 0.733153
sgm_Midd1_SSD_7_100_scaled.png 0.83134
sgm_Midd1_Census_11_100_scaled.png 0.782824
local_Midd1_Census_3_100_scaled.png 0.884871
sgm_Midd1_ZSAD_11_100_scaled.png 0.782824
local_Midd1_Census_13_100_scaled.png 0.804132
local_Midd1_SSD_31_100_scaled.png 0.848227
local_Midd1_SSD_23_100_scaled.png 0.836987
sgm_Midd1_ZSAD_25_100_scaled.png 0.718214
local_Midd1_ZSAD_11_100_scaled.png 0.8129
local_Midd1_SSD_17_100_scaled.png 0.838142
local_Midd1_Census_21_100_scaled.png 0.754858
local_Midd1_Census_5_100_scaled.png 0.854362
sgm_Midd1_Census_19_100_scaled.png 0.747226
sgm_Midd1_ZSAD_27_100_scaled.png 0.713559
local_Midd1_ZSAD_13_100_scaled.png 0.804132
sgm_Midd1_ZSAD_1_100_scaled.png 1
local_Midd1_Census_19_100_scaled.png 0.767596
sgm_Midd1_Census_33_100_scaled.png 0.714804
local_Midd1_Census_9_100_scaled.png 0.823491
sgm_Midd1_SSD_11_100_scaled.png 0.829986
sgm_Midd1_Census_13_100_scaled.png 0.77382
sgm_Midd1_ZSAD_9_100_scaled.png 0.788651
local_Midd1_SSD_5_100_scaled.png 0.857609
sgm_Midd1_SSD_19_100_scaled.png 0.832693
sgm_Midd1_SSD_1_100_scaled.png 0.775426
sgm_Midd1_SSD_23_100_scaled.png 0.834443
sgm_Midd1_SSD_17_100_scaled.png 0.832332
sgm_Midd1_SSD_33_100_scaled.png 0.845936
local_Midd1_SSD_25_100_scaled.png 0.839098
sgm_Midd1_SSD_5_100_scaled.png 0.831123
sgm_Midd1_ZSAD_17_100_scaled.png 0.754479
local_Midd1_ZSAD_29_100_scaled.png 0.725106
sgm_Midd1_Census_5_100_scaled.png 0.790041
local_Midd1_SSD_7_100_scaled.png 0.849256
local_Midd1_ZSAD_15_100_scaled.png 0.793144
sgm_Midd1_ZSAD_21_100_scaled.png 0.736761
sgm_Midd1_Census_1_100_scaled.png 1
sgm_Midd1_ZSAD_15_100_scaled.png 0.762309
sgm_Midd1_Census_9_100_scaled.png 0.788651
local_Midd1_ZSAD_17_100_scaled.png 0.780316
sgm_Midd1_ZSAD_23_100_scaled.png 0.727145
sgm_Midd1_ZSAD_19_100_scaled.png 0.747226
local_Midd1_ZSAD_1_100_scaled.png 1
local_Midd1_SSD_29_100_scaled.png 0.845413
sgm_Midd1_Census_31_100_scaled.png 0.715183
local_Midd1_ZSAD_23_100_scaled.png 0.742282
sgm_Midd1_ZSAD_31_100_scaled.png 0.715183
sgm_Midd1_ZSAD_13_100_scaled.png 0.77382
local_Midd1_ZSAD_21_100_scaled.png 0.754858
local_Midd1_Census_11_100_scaled.png 0.8129
local_Midd1_Census_1_100_scaled.png 1
sgm_Midd1_Census_29_100_scaled.png 0.713559
sgm_Midd1_SSD_25_100_scaled.png 0.8376
sgm_Midd1_ZSAD_3_100_scaled.png 0.818277
sgm_Midd1_SSD_21_100_scaled.png 0.831953
local_Midd1_ZSAD_27_100_scaled.png 0.726297
local_Midd1_SSD_27_100_scaled.png 0.84267
local_Midd1_Census_31_100_scaled.png 0.727686
local_Midd1_Census_33_100_scaled.png 0.728354
local_Midd1_Census_29_100_scaled.png 0.725106
local_Midd1_BT_1_100_scaled.png 0.938259
local_Midd1_SSD_33_100_scaled.png 0.849057
local_Midd1_Census_17_100_scaled.png 0.780316
sgm_Midd1_Census_7_100_scaled.png 0.791953
sgm_Midd1_Census_15_100_scaled.png 0.762309
sgm_Midd1_Census_25_100_scaled.png 0.718214
local_Midd1_ZSAD_31_100_scaled.png 0.727686
sgm_Midd1_Census_21_100_scaled.png 0.736761
local_Midd1_Census_7_100_scaled.png 0.837077
local_Midd1_Census_27_100_scaled.png 0.726297
sgm_Midd1_ZSAD_5_100_scaled.png 0.790041
local_Midd1_ZSAD_33_100_scaled.png 0.728354
sgm_Midd1_SSD_15_100_scaled.png 0.830871
local_Midd1_SSD_9_100_scaled.png 0.843753
local_Midd1_Census_23_100_scaled.png 0.742282
local_Midd1_SSD_11_100_scaled.png 0.839621
sgm_Midd1_BT_1_100_scaled.png 0.783437
sgm_Midd1_SSD_27_100_scaled.png 0.841046
local_Midd1_SSD_1_100_scaled.png 0.926171
local_Midd1_SSD_19_100_scaled.png 0.837348
local_Midd1_SSD_15_100_scaled.png 0.837781
local_Midd1_ZSAD_9_100_scaled.png 0.823491
